#
# A fatal error has been detected by the Java Runtime Environment:
#
#  EXCEPTION_ACCESS_VIOLATION (0xc0000005) at pc=0x00007ff92d89cd41, pid=52124, tid=17616
#
# JRE version: Java(TM) SE Runtime Environment (17.0.3.1+2) (build 17.0.3.1+2-LTS-6)
# Java VM: Java HotSpot(TM) 64-Bit Server VM (17.0.3.1+2-LTS-6, mixed mode, sharing, tiered, compressed oops, compressed class ptrs, g1 gc, windows-amd64)
# Problematic frame:
# V  [jvm.dll+0x1acd41]
#
# No core dump will be written. Minidumps are not enabled by default on client versions of Windows
#
# If you would like to submit a bug report, please visit:
#   https://bugreport.java.com/bugreport/crash.jsp
#

---------------  S U M M A R Y ------------

Command Line: -ea -javaagent:C:\Users\SREENI~1\AppData\Local\Temp\testAgent9jars\intellij-coverage-agent-1.0.723.jar=C:\Users\SREENI~1\AppData\Local\Temp\coverage12455args -Didea.new.sampling.coverage=true -Didea.test.cyclic.buffer.size=1048576 -javaagent:C:\Program Files\JetBrains\IntelliJ IDEA Community Edition 2023.2.1\lib\idea_rt.jar=63396:C:\Program Files\JetBrains\IntelliJ IDEA Community Edition 2023.2.1\bin -Dfile.encoding=UTF-8 com.intellij.rt.junit.JUnitStarter -ideVersion5 -junit5 @w@C:\Users\SREENI~1\AppData\Local\Temp\idea_working_dirs_junit.tmp @C:\Users\SREENI~1\AppData\Local\Temp\idea_junit.tmp -socket63395

Host: Intel(R) Core(TM) i5-3470S CPU @ 2.90GHz, 4 cores, 15G,  Windows 10 , 64 bit Build 19041 (10.0.19041.3393)
Time: Mon Oct  9 17:55:22 2023 India Standard Time elapsed time: 13.834910 seconds (0d 0h 0m 13s)

---------------  T H R E A D  ---------------

Current thread (0x000001b278b01370):  ConcurrentGCThread "G1 Conc#0" [stack: 0x0000002434900000,0x0000002434a00000] [id=17616]

Stack: [0x0000002434900000,0x0000002434a00000],  sp=0x00000024349ff698,  free space=1021k
Native frames: (J=compiled Java code, j=interpreted, Vv=VM code, C=native code)
V  [jvm.dll+0x1acd41]


siginfo: EXCEPTION_ACCESS_VIOLATION (0xc0000005), reading address 0xffffffffffffffff


Register to memory mapping:

RIP=0x00007ff92d89cd41 jvm.dll
RAX=0x002800007ff92dfd is an unknown value
RBX=0x000001b278aeec01 points into unknown readable memory: 00 00 00 00 00 00 00
RCX=0x0000000800c5fc12 is pointing into metadata
RDX=
[error occurred during error reporting (printing register info), id 0xc0000005, EXCEPTION_ACCESS_VIOLATION (0xc0000005) at pc=0x00007ff92d9bf416]

Registers:
RAX=0x002800007ff92dfd, RBX=0x000001b278aeec01, RCX=0x0000000800c5fc12, RDX=0x00000007044d2e30
RSP=0x00000024349ff698, RBP=0x0000000000000000, RSI=0x000001b278aeec10, RDI=0x00000007044d2e30
R8 =0x0000000000000000, R9 =0x0000000800c5fc12, R10=0x000000000000000d, R11=0x0000000000000005
R12=0x0000000000000000, R13=0xaaaaaaaaaaaaaaab, R14=0x0000000000000001, R15=0x00000024349ff820
RIP=0x00007ff92d89cd41, EFLAGS=0x0000000000010246

Top of Stack: (sp=0x00000024349ff698)
0x00000024349ff698:   00007ff92d9c2828 00001284adf0993b
0x00000024349ff6a8:   00000024349ff860 00000007044d4150
0x00000024349ff6b8:   00007ff92d9c24af 00000007044d2e30
0x00000024349ff6c8:   00007ff92d9c24af 000001b278b03e80
0x00000024349ff6d8:   00000024349ff860 0000000704497b60
0x00000024349ff6e8:   00007ff92d9c06dd 00000024349ff860
0x00000024349ff6f8:   00007ff92d9c0cfd 00000007044975e8
0x00000024349ff708:   00007ff92d9c0321 00000024349ff820
0x00000024349ff718:   0000000000000001 0000000800c60bf8
0x00000024349ff728:   00007ff92d9c0321 00000000000004aa
0x00000024349ff738:   0000000704495610 00000024349ff860
0x00000024349ff748:   0000000000000000 000001b278b03e80
0x00000024349ff758:   00007ff92d9d5c0e 0000000704495610
0x00000024349ff768:   000001b278aeec60 00000024349ff820
0x00000024349ff778:   000001b278aeec60 0000000704495610
0x00000024349ff788:   00007ff92d9d2381 0000000000352ac2 

Instructions: (pc=0x00007ff92d89cd41)
0x00007ff92d89cc41:   74 32 0f 10 83 f0 02 00 00 48 8b 07 48 8d 54 24
0x00007ff92d89cc51:   20 48 8b cf 0f 29 44 24 20 ff 50 40 33 c0 48 89
0x00007ff92d89cc61:   44 24 20 48 89 44 24 28 0f 10 44 24 20 0f 11 83
0x00007ff92d89cc71:   f0 02 00 00 48 8b 5c 24 40 48 83 c4 30 5f c3 48
0x00007ff92d89cc81:   8b 49 40 48 8b 01 48 ff 60 28 cc cc cc cc cc 80
0x00007ff92d89cc91:   3d fc dc 93 00 00 48 8b c1 74 1b 8b 51 08 8b 0d
0x00007ff92d89cca1:   23 66 8d 00 48 d3 e2 48 8b c8 48 03 15 0e 66 8d
0x00007ff92d89ccb1:   00 e9 19 00 00 00 48 8b 51 08 48 8b c8 e9 0d 00
0x00007ff92d89ccc1:   00 00 cc cc cc cc cc cc cc cc cc cc cc cc cc 4c
0x00007ff92d89ccd1:   8b ca 48 8b d1 45 8b 41 08 45 85 c0 7e 0e 41 f6
0x00007ff92d89cce1:   c0 01 75 56 41 c1 f8 03 41 8b c0 c3 79 4c 80 3d
0x00007ff92d89ccf1:   9d dc 93 00 00 b8 0c 00 00 00 b9 10 00 00 00 0f
0x00007ff92d89cd01:   45 c8 8b 05 db 74 8d 00 ff c8 4c 63 c8 48 63 14
0x00007ff92d89cd11:   11 41 8b c8 83 e1 3f 48 d3 e2 41 8b c8 48 c1 f9
0x00007ff92d89cd21:   10 0f b6 c1 49 8d 0c 11 49 f7 d1 48 03 c1 49 c1
0x00007ff92d89cd31:   e9 03 48 c1 e8 03 41 23 c1 c3 49 8b 01 49 8b c9
0x00007ff92d89cd41:   48 ff a0 00 01 00 00 cc cc cc cc cc cc cc cc 48
0x00007ff92d89cd51:   83 ec 38 0f 10 02 48 8b 49 40 48 8d 54 24 20 0f
0x00007ff92d89cd61:   29 44 24 20 e8 56 f2 ff ff 48 83 c4 38 c3 cc 48
0x00007ff92d89cd71:   83 ec 38 0f 10 02 48 8b 01 48 8d 54 24 20 0f 29
0x00007ff92d89cd81:   44 24 20 ff 50 38 48 83 c4 38 c3 cc cc cc cc 48
0x00007ff92d89cd91:   89 5c 24 08 55 56 57 41 54 41 55 41 56 41 57 48
0x00007ff92d89cda1:   8d 6c 24 e0 48 81 ec 20 01 00 00 48 8b 05 05 62
0x00007ff92d89cdb1:   90 00 48 33 c4 48 89 45 10 48 8b 05 3f d4 92 00
0x00007ff92d89cdc1:   45 33 ed 4c 8b b5 80 00 00 00 4c 8b fa 48 8b bd
0x00007ff92d89cdd1:   88 00 00 00 4d 8b c6 49 8b d6 49 8b f1 48 8b 48
0x00007ff92d89cde1:   40 48 8b 59 40 49 8b cf c7 45 c0 ff ff ff ff 44
0x00007ff92d89cdf1:   89 6d d4 4c 89 6d d8 44 88 6d e0 c7 45 e8 ff ff
0x00007ff92d89ce01:   ff ff 44 89 6d fc 4c 89 6d 00 44 88 6d 08 e8 fc
0x00007ff92d89ce11:   fa f3 ff 41 b1 01 4c 8d 45 e8 41 8d 55 04 49 8b
0x00007ff92d89ce21:   cf e8 79 12 f2 ff 48 8b 05 2a 14 7a 00 4c 8d 25
0x00007ff92d89ce31:   9b 01 69 00 48 89 44 24 30 4c 8d 44 24 70 0f b6 


Stack slot to memory mapping:
stack at sp + 0 slots: 0x00007ff92d9c2828 jvm.dll
stack at sp + 1 slots: 0x00001284adf0993b is an unknown value
stack at sp + 2 slots: 0x00000024349ff860 points into unknown readable memory: 0x00007ff92dfe07c8 | c8 07 fe 2d f9 7f 00 00
stack at sp + 3 slots: 0x00000007044d4150 is an oop: org.jetbrains.coverage.gnu.trove.TIntHashSet 
{0x00000007044d4150} - klass: 'org/jetbrains/coverage/gnu/trove/TIntHashSet'
 - ---- fields (total size 5 words):
 - protected transient '_size' 'I' @12  97 (61)
 - protected transient '_free' 'I' @16  66 (42)
 - protected '_loadFactor' 'F' @20  0.800000 (3f4ccccd)
 - protected '_maxSize' 'I' @24  130 (82)
 - protected transient '_states' '[B' @28  [B{0x00000007044d4178} (e089a82f)
 - protected transient '_set' '[I' @32  [I{0x00000007044d4230} (e089a846)
 - protected '_hashingStrategy' 'Lorg/jetbrains/coverage/gnu/trove/TIntHashingStrategy;' @36  a 'org/jetbrains/coverage/gnu/trove/TIntHashSet'{0x00000007044d4150} (e089a82a)
stack at sp + 4 slots: 0x00007ff92d9c24af jvm.dll
stack at sp + 5 slots: 
[error occurred during error reporting (inspecting top of stack), id 0xc0000005, EXCEPTION_ACCESS_VIOLATION (0xc0000005) at pc=0x00007ff92d9bf416]


---------------  P R O C E S S  ---------------

Threads class SMR info:
_java_thread_list=0x000001b21c769120, length=17, elements={
0x000001b278a7fac0, 0x000001b27e7876a0, 0x000001b27e7892d0, 0x000001b27f106430,
0x000001b27f108e00, 0x000001b27f10a6d0, 0x000001b27f10b4b0, 0x000001b27f11c4d0,
0x000001b27f1272a0, 0x000001b27f13af90, 0x000001b27f10ccc0, 0x000001b27f10c7f0,
0x000001b27f10d190, 0x000001b27f476760, 0x000001b21e4ffd50, 0x000001b27f2f18c0,
0x000001b27f2ec6f0
}

Java Threads: ( => current thread )
  0x000001b278a7fac0 JavaThread "main" [_thread_in_vm, id=55288, stack(0x0000002434600000,0x0000002434700000)]
  0x000001b27e7876a0 JavaThread "Reference Handler" daemon [_thread_blocked, id=52720, stack(0x0000002434d00000,0x0000002434e00000)]
  0x000001b27e7892d0 JavaThread "Finalizer" daemon [_thread_blocked, id=54448, stack(0x0000002434e00000,0x0000002434f00000)]
  0x000001b27f106430 JavaThread "Signal Dispatcher" daemon [_thread_blocked, id=52016, stack(0x0000002434f00000,0x0000002435000000)]
  0x000001b27f108e00 JavaThread "Attach Listener" daemon [_thread_blocked, id=48672, stack(0x0000002435000000,0x0000002435100000)]
  0x000001b27f10a6d0 JavaThread "Service Thread" daemon [_thread_blocked, id=51860, stack(0x0000002435100000,0x0000002435200000)]
  0x000001b27f10b4b0 JavaThread "Monitor Deflation Thread" daemon [_thread_blocked, id=54236, stack(0x0000002435200000,0x0000002435300000)]
  0x000001b27f11c4d0 JavaThread "C2 CompilerThread0" daemon [_thread_in_native, id=11620, stack(0x0000002435300000,0x0000002435400000)]
  0x000001b27f1272a0 JavaThread "C1 CompilerThread0" daemon [_thread_blocked, id=17560, stack(0x0000002435400000,0x0000002435500000)]
  0x000001b27f13af90 JavaThread "Sweeper thread" daemon [_thread_blocked, id=17572, stack(0x0000002435500000,0x0000002435600000)]
  0x000001b27f10ccc0 JavaThread "Common-Cleaner" daemon [_thread_blocked, id=52436, stack(0x0000002435600000,0x0000002435700000)]
  0x000001b27f10c7f0 JavaThread "Monitor Ctrl-Break" daemon [_thread_in_native, id=52284, stack(0x0000002435700000,0x0000002435800000)]
  0x000001b27f10d190 JavaThread "Notification Thread" daemon [_thread_blocked, id=54588, stack(0x0000002435800000,0x0000002435900000)]
  0x000001b27f476760 JavaThread "C2 CompilerThread1" daemon [_thread_in_native, id=54796, stack(0x0000002435a00000,0x0000002435b00000)]
  0x000001b21e4ffd50 JavaThread "mysql-cj-abandoned-connection-cleanup" daemon [_thread_blocked, id=54356, stack(0x0000002435f00000,0x0000002436000000)]
  0x000001b27f2f18c0 JavaThread "HikariPool-1 housekeeper" daemon [_thread_blocked, id=38636, stack(0x0000002436200000,0x0000002436300000)]
  0x000001b27f2ec6f0 JavaThread "HikariPool-1 connection adder" daemon [_thread_blocked, id=51740, stack(0x0000002436300000,0x0000002436400000)]

Other Threads:
  0x000001b27e783ba0 VMThread "VM Thread" [stack: 0x0000002434c00000,0x0000002434d00000] [id=54488]
  0x000001b278b08e80 WatcherThread [stack: 0x0000002435900000,0x0000002435a00000] [id=53712]
  0x000001b278aee700 GCTaskThread "GC Thread#0" [stack: 0x0000002434700000,0x0000002434800000] [id=53200]
  0x000001b27f4febf0 GCTaskThread "GC Thread#1" [stack: 0x0000002435b00000,0x0000002435c00000] [id=11664]
  0x000001b27f544000 GCTaskThread "GC Thread#2" [stack: 0x0000002435c00000,0x0000002435d00000] [id=53996]
  0x000001b27f562830 GCTaskThread "GC Thread#3" [stack: 0x0000002435d00000,0x0000002435e00000] [id=7724]
  0x000001b278b002b0 ConcurrentGCThread "G1 Main Marker" [stack: 0x0000002434800000,0x0000002434900000] [id=11784]
=>0x000001b278b01370 ConcurrentGCThread "G1 Conc#0" [stack: 0x0000002434900000,0x0000002434a00000] [id=17616]
  0x000001b27e63b200 ConcurrentGCThread "G1 Refine#0" [stack: 0x0000002434a00000,0x0000002434b00000] [id=11776]
  0x000001b27f562fc0 ConcurrentGCThread "G1 Refine#1" [stack: 0x0000002435e00000,0x0000002435f00000] [id=13180]
  0x000001b21f8f0270 ConcurrentGCThread "G1 Refine#2" [stack: 0x0000002436100000,0x0000002436200000] [id=18032]
  0x000001b27e63b8d0 ConcurrentGCThread "G1 Service" [stack: 0x0000002434b00000,0x0000002434c00000] [id=5048]

Threads with active compile tasks:
C2 CompilerThread0    13886 6516       4       org.springframework.core.annotation.TypeMappedAnnotations$MergedAnnotationFinder::doWithAnnotations (10 bytes)
C2 CompilerThread1    13886 6384 %     4       org.jetbrains.coverage.org.objectweb.asm.ClassReader::readCode @ 1738 (5117 bytes)

VM state: not at safepoint (normal execution)

VM Mutex/Monitor currently owned by a thread: None

Heap address: 0x0000000702a00000, size: 4054 MB, Compressed Oops mode: Zero based, Oop shift amount: 3

CDS archive(s) mapped at: [0x0000000800000000-0x0000000800bc0000-0x0000000800bc0000), size 12320768, SharedBaseAddress: 0x0000000800000000, ArchiveRelocationMode: 0.
Compressed class space mapped at: 0x0000000800c00000-0x0000000840c00000, reserved size: 1073741824
Narrow klass base: 0x0000000800000000, Narrow klass shift: 0, Narrow klass range: 0x100000000

GC Precious Log:
 CPUs: 4 total, 4 available
 Memory: 16208M
 Large Page Support: Disabled
 NUMA Support: Disabled
 Compressed Oops: Enabled (Zero based)
 Heap Region Size: 2M
 Heap Min Capacity: 8M
 Heap Initial Capacity: 254M
 Heap Max Capacity: 4054M
 Pre-touch: Disabled
 Parallel Workers: 4
 Concurrent Workers: 1
 Concurrent Refinement Workers: 4
 Periodic GC: Disabled

Heap:
 garbage-first heap   total 294912K, used 64546K [0x0000000702a00000, 0x0000000800000000)
  region size 2048K, 7 young (14336K), 4 survivors (8192K)
 Metaspace       used 60206K, committed 60608K, reserved 1105920K
  class space    used 7546K, committed 7744K, reserved 1048576K

Heap Regions: E=young(eden), S=young(survivor), O=old, HS=humongous(starts), HC=humongous(continues), CS=collection set, F=free, OA=open archive, CA=closed archive, TAMS=top-at-mark-start (previous, next)
|   0|0x0000000702a00000, 0x0000000702c00000, 0x0000000702c00000|100%| O|  |TAMS 0x0000000702c00000, 0x0000000702c00000| Untracked 
|   1|0x0000000702c00000, 0x0000000702e00000, 0x0000000702e00000|100%| O|  |TAMS 0x0000000702e00000, 0x0000000702e00000| Untracked 
|   2|0x0000000702e00000, 0x0000000703000000, 0x0000000703000000|100%| O|  |TAMS 0x0000000703000000, 0x0000000703000000| Untracked 
|   3|0x0000000703000000, 0x0000000703200000, 0x0000000703200000|100%| O|  |TAMS 0x0000000703200000, 0x0000000703200000| Untracked 
|   4|0x0000000703200000, 0x0000000703400000, 0x0000000703400000|100%| O|  |TAMS 0x0000000703400000, 0x0000000703400000| Untracked 
|   5|0x0000000703400000, 0x0000000703600000, 0x0000000703600000|100%| O|  |TAMS 0x0000000703600000, 0x0000000703600000| Untracked 
|   6|0x0000000703600000, 0x0000000703800000, 0x0000000703800000|100%| O|  |TAMS 0x0000000703800000, 0x0000000703800000| Untracked 
|   7|0x0000000703800000, 0x0000000703a00000, 0x0000000703a00000|100%| O|  |TAMS 0x0000000703a00000, 0x0000000703a00000| Untracked 
|   8|0x0000000703a00000, 0x0000000703c00000, 0x0000000703c00000|100%| O|  |TAMS 0x0000000703c00000, 0x0000000703c00000| Untracked 
|   9|0x0000000703c00000, 0x0000000703e00000, 0x0000000703e00000|100%| O|  |TAMS 0x0000000703e00000, 0x0000000703e00000| Untracked 
|  10|0x0000000703e00000, 0x0000000704000000, 0x0000000704000000|100%| O|  |TAMS 0x0000000703e00000, 0x0000000704000000| Untracked 
|  11|0x0000000704000000, 0x0000000704200000, 0x0000000704200000|100%| O|  |TAMS 0x0000000704000000, 0x0000000704200000| Untracked 
|  12|0x0000000704200000, 0x0000000704400000, 0x0000000704400000|100%| O|  |TAMS 0x0000000704200000, 0x0000000704400000| Untracked 
|  13|0x0000000704400000, 0x0000000704600000, 0x0000000704600000|100%| O|  |TAMS 0x0000000704400000, 0x0000000704600000| Untracked 
|  14|0x0000000704600000, 0x0000000704800000, 0x0000000704800000|100%| O|  |TAMS 0x0000000704800000, 0x0000000704800000| Untracked 
|  15|0x0000000704800000, 0x0000000704a00000, 0x0000000704a00000|100%| O|  |TAMS 0x0000000704a00000, 0x0000000704a00000| Untracked 
|  16|0x0000000704a00000, 0x0000000704c00000, 0x0000000704c00000|100%| O|  |TAMS 0x0000000704c00000, 0x0000000704c00000| Untracked 
|  17|0x0000000704c00000, 0x0000000704e00000, 0x0000000704e00000|100%| O|  |TAMS 0x0000000704e00000, 0x0000000704e00000| Untracked 
|  18|0x0000000704e00000, 0x0000000705000000, 0x0000000705000000|100%| O|  |TAMS 0x0000000705000000, 0x0000000705000000| Untracked 
|  19|0x0000000705000000, 0x0000000705200000, 0x0000000705200000|100%| O|  |TAMS 0x0000000705000000, 0x0000000705200000| Untracked 
|  20|0x0000000705200000, 0x0000000705400000, 0x0000000705400000|100%| O|  |TAMS 0x0000000705200000, 0x0000000705400000| Untracked 
|  21|0x0000000705400000, 0x0000000705600000, 0x0000000705600000|100%| O|  |TAMS 0x0000000705400000, 0x0000000705600000| Untracked 
|  22|0x0000000705600000, 0x0000000705800000, 0x0000000705800000|100%| O|  |TAMS 0x0000000705600000, 0x0000000705800000| Untracked 
|  23|0x0000000705800000, 0x0000000705a00000, 0x0000000705a00000|100%| O|  |TAMS 0x0000000705800000, 0x000000070583e800| Untracked 
|  24|0x0000000705a00000, 0x0000000705c00000, 0x0000000705c00000|100%| O|  |TAMS 0x0000000705a00000, 0x0000000705a00000| Untracked 
|  25|0x0000000705c00000, 0x0000000705c00000, 0x0000000705e00000|  0%| F|  |TAMS 0x0000000705c00000, 0x0000000705c00000| Untracked 
|  26|0x0000000705e00000, 0x0000000705e00000, 0x0000000706000000|  0%| F|  |TAMS 0x0000000705e00000, 0x0000000705e00000| Untracked 
|  27|0x0000000706000000, 0x0000000706000000, 0x0000000706200000|  0%| F|  |TAMS 0x0000000706000000, 0x0000000706000000| Untracked 
|  28|0x0000000706200000, 0x0000000706200000, 0x0000000706400000|  0%| F|  |TAMS 0x0000000706200000, 0x0000000706200000| Untracked 
|  29|0x0000000706400000, 0x0000000706400000, 0x0000000706600000|  0%| F|  |TAMS 0x0000000706400000, 0x0000000706400000| Untracked 
|  30|0x0000000706600000, 0x0000000706600000, 0x0000000706800000|  0%| F|  |TAMS 0x0000000706600000, 0x0000000706600000| Untracked 
|  31|0x0000000706800000, 0x0000000706800000, 0x0000000706a00000|  0%| F|  |TAMS 0x0000000706800000, 0x0000000706800000| Untracked 
|  32|0x0000000706a00000, 0x0000000706a00000, 0x0000000706c00000|  0%| F|  |TAMS 0x0000000706a00000, 0x0000000706a00000| Untracked 
|  33|0x0000000706c00000, 0x0000000706c00000, 0x0000000706e00000|  0%| F|  |TAMS 0x0000000706c00000, 0x0000000706c00000| Untracked 
|  34|0x0000000706e00000, 0x0000000706e00000, 0x0000000707000000|  0%| F|  |TAMS 0x0000000706e00000, 0x0000000706e00000| Untracked 
|  35|0x0000000707000000, 0x0000000707000000, 0x0000000707200000|  0%| F|  |TAMS 0x0000000707000000, 0x0000000707000000| Untracked 
|  36|0x0000000707200000, 0x0000000707200000, 0x0000000707400000|  0%| F|  |TAMS 0x0000000707200000, 0x0000000707200000| Untracked 
|  37|0x0000000707400000, 0x0000000707400000, 0x0000000707600000|  0%| F|  |TAMS 0x0000000707400000, 0x0000000707400000| Untracked 
|  38|0x0000000707600000, 0x0000000707600000, 0x0000000707800000|  0%| F|  |TAMS 0x0000000707600000, 0x0000000707600000| Untracked 
|  39|0x0000000707800000, 0x0000000707800000, 0x0000000707a00000|  0%| F|  |TAMS 0x0000000707800000, 0x0000000707800000| Untracked 
|  40|0x0000000707a00000, 0x0000000707a00000, 0x0000000707c00000|  0%| F|  |TAMS 0x0000000707a00000, 0x0000000707a00000| Untracked 
|  41|0x0000000707c00000, 0x0000000707c00000, 0x0000000707e00000|  0%| F|  |TAMS 0x0000000707c00000, 0x0000000707c00000| Untracked 
|  42|0x0000000707e00000, 0x0000000707e00000, 0x0000000708000000|  0%| F|  |TAMS 0x0000000707e00000, 0x0000000707e00000| Untracked 
|  43|0x0000000708000000, 0x0000000708000000, 0x0000000708200000|  0%| F|  |TAMS 0x0000000708000000, 0x0000000708000000| Untracked 
|  44|0x0000000708200000, 0x0000000708200000, 0x0000000708400000|  0%| F|  |TAMS 0x0000000708200000, 0x0000000708200000| Untracked 
|  45|0x0000000708400000, 0x0000000708400000, 0x0000000708600000|  0%| F|  |TAMS 0x0000000708400000, 0x0000000708400000| Untracked 
|  46|0x0000000708600000, 0x0000000708600000, 0x0000000708800000|  0%| F|  |TAMS 0x0000000708600000, 0x0000000708600000| Untracked 
|  47|0x0000000708800000, 0x0000000708800000, 0x0000000708a00000|  0%| F|  |TAMS 0x0000000708800000, 0x0000000708800000| Untracked 
|  48|0x0000000708a00000, 0x0000000708a00000, 0x0000000708c00000|  0%| F|  |TAMS 0x0000000708a00000, 0x0000000708a00000| Untracked 
|  49|0x0000000708c00000, 0x0000000708d08bc0, 0x0000000708e00000| 51%| S|CS|TAMS 0x0000000708c00000, 0x0000000708c00000| Complete 
|  50|0x0000000708e00000, 0x0000000709000000, 0x0000000709000000|100%| S|CS|TAMS 0x0000000708e00000, 0x0000000708e00000| Complete 
|  51|0x0000000709000000, 0x0000000709200000, 0x0000000709200000|100%| S|CS|TAMS 0x0000000709000000, 0x0000000709000000| Complete 
|  52|0x0000000709200000, 0x0000000709400000, 0x0000000709400000|100%| S|CS|TAMS 0x0000000709200000, 0x0000000709200000| Complete 
|  53|0x0000000709400000, 0x0000000709400000, 0x0000000709600000|  0%| F|  |TAMS 0x0000000709400000, 0x0000000709400000| Untracked 
|  54|0x0000000709600000, 0x0000000709600000, 0x0000000709800000|  0%| F|  |TAMS 0x0000000709600000, 0x0000000709600000| Untracked 
|  55|0x0000000709800000, 0x0000000709800000, 0x0000000709a00000|  0%| F|  |TAMS 0x0000000709800000, 0x0000000709800000| Untracked 
|  56|0x0000000709a00000, 0x0000000709a00000, 0x0000000709c00000|  0%| F|  |TAMS 0x0000000709a00000, 0x0000000709a00000| Untracked 
|  57|0x0000000709c00000, 0x0000000709c00000, 0x0000000709e00000|  0%| F|  |TAMS 0x0000000709c00000, 0x0000000709c00000| Untracked 
|  58|0x0000000709e00000, 0x0000000709e00000, 0x000000070a000000|  0%| F|  |TAMS 0x0000000709e00000, 0x0000000709e00000| Untracked 
|  59|0x000000070a000000, 0x000000070a000000, 0x000000070a200000|  0%| F|  |TAMS 0x000000070a000000, 0x000000070a000000| Untracked 
|  60|0x000000070a200000, 0x000000070a200000, 0x000000070a400000|  0%| F|  |TAMS 0x000000070a200000, 0x000000070a200000| Untracked 
|  61|0x000000070a400000, 0x000000070a400000, 0x000000070a600000|  0%| F|  |TAMS 0x000000070a400000, 0x000000070a400000| Untracked 
|  62|0x000000070a600000, 0x000000070a600000, 0x000000070a800000|  0%| F|  |TAMS 0x000000070a600000, 0x000000070a600000| Untracked 
|  63|0x000000070a800000, 0x000000070a800000, 0x000000070aa00000|  0%| F|  |TAMS 0x000000070a800000, 0x000000070a800000| Untracked 
|  64|0x000000070aa00000, 0x000000070aa00000, 0x000000070ac00000|  0%| F|  |TAMS 0x000000070aa00000, 0x000000070aa00000| Untracked 
|  65|0x000000070ac00000, 0x000000070ac00000, 0x000000070ae00000|  0%| F|  |TAMS 0x000000070ac00000, 0x000000070ac00000| Untracked 
|  66|0x000000070ae00000, 0x000000070ae00000, 0x000000070b000000|  0%| F|  |TAMS 0x000000070ae00000, 0x000000070ae00000| Untracked 
|  67|0x000000070b000000, 0x000000070b000000, 0x000000070b200000|  0%| F|  |TAMS 0x000000070b000000, 0x000000070b000000| Untracked 
|  68|0x000000070b200000, 0x000000070b200000, 0x000000070b400000|  0%| F|  |TAMS 0x000000070b200000, 0x000000070b200000| Untracked 
|  69|0x000000070b400000, 0x000000070b400000, 0x000000070b600000|  0%| F|  |TAMS 0x000000070b400000, 0x000000070b400000| Untracked 
|  70|0x000000070b600000, 0x000000070b600000, 0x000000070b800000|  0%| F|  |TAMS 0x000000070b600000, 0x000000070b600000| Untracked 
|  71|0x000000070b800000, 0x000000070b800000, 0x000000070ba00000|  0%| F|  |TAMS 0x000000070b800000, 0x000000070b800000| Untracked 
|  72|0x000000070ba00000, 0x000000070ba00000, 0x000000070bc00000|  0%| F|  |TAMS 0x000000070ba00000, 0x000000070ba00000| Untracked 
|  73|0x000000070bc00000, 0x000000070bc00000, 0x000000070be00000|  0%| F|  |TAMS 0x000000070bc00000, 0x000000070bc00000| Untracked 
|  74|0x000000070be00000, 0x000000070be00000, 0x000000070c000000|  0%| F|  |TAMS 0x000000070be00000, 0x000000070be00000| Untracked 
|  75|0x000000070c000000, 0x000000070c000000, 0x000000070c200000|  0%| F|  |TAMS 0x000000070c000000, 0x000000070c000000| Untracked 
|  76|0x000000070c200000, 0x000000070c200000, 0x000000070c400000|  0%| F|  |TAMS 0x000000070c200000, 0x000000070c200000| Untracked 
|  77|0x000000070c400000, 0x000000070c400000, 0x000000070c600000|  0%| F|  |TAMS 0x000000070c400000, 0x000000070c400000| Untracked 
|  78|0x000000070c600000, 0x000000070c600000, 0x000000070c800000|  0%| F|  |TAMS 0x000000070c600000, 0x000000070c600000| Untracked 
|  79|0x000000070c800000, 0x000000070c800000, 0x000000070ca00000|  0%| F|  |TAMS 0x000000070c800000, 0x000000070c800000| Untracked 
|  80|0x000000070ca00000, 0x000000070ca00000, 0x000000070cc00000|  0%| F|  |TAMS 0x000000070ca00000, 0x000000070ca00000| Untracked 
|  81|0x000000070cc00000, 0x000000070cc00000, 0x000000070ce00000|  0%| F|  |TAMS 0x000000070cc00000, 0x000000070cc00000| Untracked 
|  82|0x000000070ce00000, 0x000000070ce00000, 0x000000070d000000|  0%| F|  |TAMS 0x000000070ce00000, 0x000000070ce00000| Untracked 
|  83|0x000000070d000000, 0x000000070d000000, 0x000000070d200000|  0%| F|  |TAMS 0x000000070d000000, 0x000000070d000000| Untracked 
|  84|0x000000070d200000, 0x000000070d200000, 0x000000070d400000|  0%| F|  |TAMS 0x000000070d200000, 0x000000070d200000| Untracked 
|  85|0x000000070d400000, 0x000000070d400000, 0x000000070d600000|  0%| F|  |TAMS 0x000000070d400000, 0x000000070d400000| Untracked 
|  86|0x000000070d600000, 0x000000070d600000, 0x000000070d800000|  0%| F|  |TAMS 0x000000070d600000, 0x000000070d600000| Untracked 
|  87|0x000000070d800000, 0x000000070d800000, 0x000000070da00000|  0%| F|  |TAMS 0x000000070d800000, 0x000000070d800000| Untracked 
|  88|0x000000070da00000, 0x000000070da00000, 0x000000070dc00000|  0%| F|  |TAMS 0x000000070da00000, 0x000000070da00000| Untracked 
|  89|0x000000070dc00000, 0x000000070dc00000, 0x000000070de00000|  0%| F|  |TAMS 0x000000070dc00000, 0x000000070dc00000| Untracked 
|  90|0x000000070de00000, 0x000000070de00000, 0x000000070e000000|  0%| F|  |TAMS 0x000000070de00000, 0x000000070de00000| Untracked 
|  91|0x000000070e000000, 0x000000070e000000, 0x000000070e200000|  0%| F|  |TAMS 0x000000070e000000, 0x000000070e000000| Untracked 
|  92|0x000000070e200000, 0x000000070e200000, 0x000000070e400000|  0%| F|  |TAMS 0x000000070e200000, 0x000000070e200000| Untracked 
|  93|0x000000070e400000, 0x000000070e400000, 0x000000070e600000|  0%| F|  |TAMS 0x000000070e400000, 0x000000070e400000| Untracked 
|  94|0x000000070e600000, 0x000000070e600000, 0x000000070e800000|  0%| F|  |TAMS 0x000000070e600000, 0x000000070e600000| Untracked 
|  95|0x000000070e800000, 0x000000070e800000, 0x000000070ea00000|  0%| F|  |TAMS 0x000000070e800000, 0x000000070e800000| Untracked 
|  96|0x000000070ea00000, 0x000000070ea00000, 0x000000070ec00000|  0%| F|  |TAMS 0x000000070ea00000, 0x000000070ea00000| Untracked 
|  97|0x000000070ec00000, 0x000000070ec00000, 0x000000070ee00000|  0%| F|  |TAMS 0x000000070ec00000, 0x000000070ec00000| Untracked 
|  98|0x000000070ee00000, 0x000000070ee00000, 0x000000070f000000|  0%| F|  |TAMS 0x000000070ee00000, 0x000000070ee00000| Untracked 
|  99|0x000000070f000000, 0x000000070f000000, 0x000000070f200000|  0%| F|  |TAMS 0x000000070f000000, 0x000000070f000000| Untracked 
| 100|0x000000070f200000, 0x000000070f200000, 0x000000070f400000|  0%| F|  |TAMS 0x000000070f200000, 0x000000070f200000| Untracked 
| 101|0x000000070f400000, 0x000000070f400000, 0x000000070f600000|  0%| F|  |TAMS 0x000000070f400000, 0x000000070f400000| Untracked 
| 102|0x000000070f600000, 0x000000070f600000, 0x000000070f800000|  0%| F|  |TAMS 0x000000070f600000, 0x000000070f600000| Untracked 
| 103|0x000000070f800000, 0x000000070f800000, 0x000000070fa00000|  0%| F|  |TAMS 0x000000070f800000, 0x000000070f800000| Untracked 
| 104|0x000000070fa00000, 0x000000070fa00000, 0x000000070fc00000|  0%| F|  |TAMS 0x000000070fa00000, 0x000000070fa00000| Untracked 
| 105|0x000000070fc00000, 0x000000070fc00000, 0x000000070fe00000|  0%| F|  |TAMS 0x000000070fc00000, 0x000000070fc00000| Untracked 
| 106|0x000000070fe00000, 0x000000070fe00000, 0x0000000710000000|  0%| F|  |TAMS 0x000000070fe00000, 0x000000070fe00000| Untracked 
| 107|0x0000000710000000, 0x0000000710000000, 0x0000000710200000|  0%| F|  |TAMS 0x0000000710000000, 0x0000000710000000| Untracked 
| 108|0x0000000710200000, 0x0000000710200000, 0x0000000710400000|  0%| F|  |TAMS 0x0000000710200000, 0x0000000710200000| Untracked 
| 109|0x0000000710400000, 0x0000000710400000, 0x0000000710600000|  0%| F|  |TAMS 0x0000000710400000, 0x0000000710400000| Untracked 
| 110|0x0000000710600000, 0x0000000710600000, 0x0000000710800000|  0%| F|  |TAMS 0x0000000710600000, 0x0000000710600000| Untracked 
| 111|0x0000000710800000, 0x0000000710800000, 0x0000000710a00000|  0%| F|  |TAMS 0x0000000710800000, 0x0000000710800000| Untracked 
| 112|0x0000000710a00000, 0x0000000710a00000, 0x0000000710c00000|  0%| F|  |TAMS 0x0000000710a00000, 0x0000000710a00000| Untracked 
| 113|0x0000000710c00000, 0x0000000710c00000, 0x0000000710e00000|  0%| F|  |TAMS 0x0000000710c00000, 0x0000000710c00000| Untracked 
| 114|0x0000000710e00000, 0x0000000710e00000, 0x0000000711000000|  0%| F|  |TAMS 0x0000000710e00000, 0x0000000710e00000| Untracked 
| 115|0x0000000711000000, 0x0000000711000000, 0x0000000711200000|  0%| F|  |TAMS 0x0000000711000000, 0x0000000711000000| Untracked 
| 116|0x0000000711200000, 0x0000000711200000, 0x0000000711400000|  0%| F|  |TAMS 0x0000000711200000, 0x0000000711200000| Untracked 
| 117|0x0000000711400000, 0x0000000711400000, 0x0000000711600000|  0%| F|  |TAMS 0x0000000711400000, 0x0000000711400000| Untracked 
| 118|0x0000000711600000, 0x0000000711600000, 0x0000000711800000|  0%| F|  |TAMS 0x0000000711600000, 0x0000000711600000| Untracked 
| 119|0x0000000711800000, 0x0000000711800000, 0x0000000711a00000|  0%| F|  |TAMS 0x0000000711800000, 0x0000000711800000| Untracked 
| 120|0x0000000711a00000, 0x0000000711a00000, 0x0000000711c00000|  0%| F|  |TAMS 0x0000000711a00000, 0x0000000711a00000| Untracked 
| 121|0x0000000711c00000, 0x0000000711c00000, 0x0000000711e00000|  0%| F|  |TAMS 0x0000000711c00000, 0x0000000711c00000| Untracked 
| 122|0x0000000711e00000, 0x0000000711e00000, 0x0000000712000000|  0%| F|  |TAMS 0x0000000711e00000, 0x0000000711e00000| Untracked 
| 123|0x0000000712000000, 0x0000000712000000, 0x0000000712200000|  0%| F|  |TAMS 0x0000000712000000, 0x0000000712000000| Untracked 
| 124|0x0000000712200000, 0x0000000712200000, 0x0000000712400000|  0%| F|  |TAMS 0x0000000712200000, 0x0000000712200000| Untracked 
| 125|0x0000000712400000, 0x0000000712400000, 0x0000000712600000|  0%| F|  |TAMS 0x0000000712400000, 0x0000000712400000| Untracked 
| 126|0x0000000712600000, 0x0000000712600000, 0x0000000712800000|  0%| F|  |TAMS 0x0000000712600000, 0x0000000712600000| Untracked 
| 127|0x0000000712800000, 0x0000000712800000, 0x0000000712a00000|  0%| F|  |TAMS 0x0000000712800000, 0x0000000712800000| Untracked 
| 128|0x0000000712a00000, 0x0000000712a00000, 0x0000000712c00000|  0%| F|  |TAMS 0x0000000712a00000, 0x0000000712a00000| Untracked 
| 129|0x0000000712c00000, 0x0000000712c00000, 0x0000000712e00000|  0%| F|  |TAMS 0x0000000712c00000, 0x0000000712c00000| Untracked 
| 130|0x0000000712e00000, 0x0000000712e00000, 0x0000000713000000|  0%| F|  |TAMS 0x0000000712e00000, 0x0000000712e00000| Untracked 
| 131|0x0000000713000000, 0x0000000713000000, 0x0000000713200000|  0%| F|  |TAMS 0x0000000713000000, 0x0000000713000000| Untracked 
| 132|0x0000000713200000, 0x0000000713200000, 0x0000000713400000|  0%| F|  |TAMS 0x0000000713200000, 0x0000000713200000| Untracked 
| 133|0x0000000713400000, 0x0000000713400000, 0x0000000713600000|  0%| F|  |TAMS 0x0000000713400000, 0x0000000713400000| Untracked 
| 134|0x0000000713600000, 0x0000000713600000, 0x0000000713800000|  0%| F|  |TAMS 0x0000000713600000, 0x0000000713600000| Untracked 
| 135|0x0000000713800000, 0x0000000713800000, 0x0000000713a00000|  0%| F|  |TAMS 0x0000000713800000, 0x0000000713800000| Untracked 
| 136|0x0000000713a00000, 0x0000000713a00000, 0x0000000713c00000|  0%| F|  |TAMS 0x0000000713a00000, 0x0000000713a00000| Untracked 
| 137|0x0000000713c00000, 0x0000000713c00000, 0x0000000713e00000|  0%| F|  |TAMS 0x0000000713c00000, 0x0000000713c00000| Untracked 
| 138|0x0000000713e00000, 0x0000000713e00000, 0x0000000714000000|  0%| F|  |TAMS 0x0000000713e00000, 0x0000000713e00000| Untracked 
| 139|0x0000000714000000, 0x0000000714000000, 0x0000000714200000|  0%| F|  |TAMS 0x0000000714000000, 0x0000000714000000| Untracked 
| 140|0x0000000714200000, 0x0000000714400000, 0x0000000714400000|100%| E|  |TAMS 0x0000000714200000, 0x0000000714200000| Complete 
| 141|0x0000000714400000, 0x0000000714600000, 0x0000000714600000|100%| E|CS|TAMS 0x0000000714400000, 0x0000000714400000| Complete 
| 142|0x0000000714600000, 0x0000000714800000, 0x0000000714800000|100%| E|CS|TAMS 0x0000000714600000, 0x0000000714600000| Complete 
|2026|0x00000007ffe00000, 0x0000000800000000, 0x0000000800000000|100%| O|  |TAMS 0x0000000800000000, 0x0000000800000000| Untracked 

Card table byte_map: [0x000001b279310000,0x000001b279b00000] _byte_map_base: 0x000001b275afb000

Marking Bits (Prev, Next): (CMBitMap*) 0x000001b278aeec20, (CMBitMap*) 0x000001b278aeec60
 Prev Bits: [0x000001b27a2f0000, 0x000001b27e248000)
 Next Bits: [0x000001b2167a0000, 0x000001b21a6f8000)

Polling page: 0x000001b2781e0000

Metaspace:

Usage:
  Non-class:     51.43 MB used.
      Class:      7.37 MB used.
       Both:     58.80 MB used.

Virtual space:
  Non-class space:       56.00 MB reserved,      51.62 MB ( 92%) committed,  7 nodes.
      Class space:        1.00 GB reserved,       7.56 MB ( <1%) committed,  1 nodes.
             Both:        1.05 GB reserved,      59.19 MB (  5%) committed. 

Chunk freelists:
   Non-Class:  3.69 MB
       Class:  384.00 KB
        Both:  4.06 MB

MaxMetaspaceSize: unlimited
CompressedClassSpaceSize: 1.00 GB
Initial GC threshold: 21.00 MB
Current GC threshold: 59.19 MB
CDS: on
MetaspaceReclaimPolicy: balanced
 - commit_granule_bytes: 65536.
 - commit_granule_words: 8192.
 - virtual_space_node_default_size: 1048576.
 - enlarge_chunks_in_place: 1.
 - new_chunks_are_fully_committed: 0.
 - uncommit_free_chunks: 1.
 - use_allocation_guard: 0.
 - handle_deallocations: 1.


Internal statistics:

num_allocs_failed_limit: 11.
num_arena_births: 526.
num_arena_deaths: 0.
num_vsnodes_births: 8.
num_vsnodes_deaths: 0.
num_space_committed: 947.
num_space_uncommitted: 0.
num_chunks_returned_to_freelist: 11.
num_chunks_taken_from_freelist: 2522.
num_chunk_merges: 11.
num_chunk_splits: 1879.
num_chunks_enlarged: 1519.
num_purges: 0.
num_inconsistent_stats: 0.

CodeHeap 'non-profiled nmethods': size=120000Kb used=3846Kb max_used=3846Kb free=116153Kb
 bounds [0x000001b20f270000, 0x000001b20f640000, 0x000001b2167a0000]
CodeHeap 'profiled nmethods': size=120000Kb used=9374Kb max_used=9374Kb free=110625Kb
 bounds [0x000001b207d40000, 0x000001b208670000, 0x000001b20f270000]
CodeHeap 'non-nmethods': size=5760Kb used=1320Kb max_used=1382Kb free=4439Kb
 bounds [0x000001b2077a0000, 0x000001b207a10000, 0x000001b207d40000]
 total_blobs=5785 nmethods=5144 adapters=552
 compilation: enabled
              stopped_count=0, restarted_count=0
 full_count=0

Compilation events (20 events):
Event: 13.797 Thread 0x000001b27f1272a0 6509       3       java.util.stream.Collectors$$Lambda$44/0x800000052::accept (12 bytes)
Event: 13.797 Thread 0x000001b27f1272a0 nmethod 6509 0x000001b20866bd10 code [0x000001b20866bec0, 0x000001b20866c208]
Event: 13.799 Thread 0x000001b27f1272a0 6510       3       org.springframework.beans.factory.config.InstantiationAwareBeanPostProcessor::postProcessAfterInstantiation (15 bytes)
Event: 13.799 Thread 0x000001b27f1272a0 nmethod 6510 0x000001b2083bcb90 code [0x000001b2083bcd20, 0x000001b2083bce38]
Event: 13.805 Thread 0x000001b27f1272a0 6511       3       org.springframework.beans.factory.config.BeanDefinitionHolder::getBeanDefinition (19 bytes)
Event: 13.806 Thread 0x000001b27f1272a0 nmethod 6511 0x000001b2083d3c10 code [0x000001b2083d3da0, 0x000001b2083d3ed8]
Event: 13.812 Thread 0x000001b27f11c4d0 nmethod 6488 0x000001b20f62bb90 code [0x000001b20f62be60, 0x000001b20f62cbc0]
Event: 13.813 Thread 0x000001b27f11c4d0 6502       4       org.springframework.core.annotation.TypeMappedAnnotations$MergedAnnotationFinder::doWithAggregate (18 bytes)
Event: 13.813 Thread 0x000001b27f11c4d0 nmethod 6502 0x000001b20f62d790 code [0x000001b20f62d900, 0x000001b20f62d998]
Event: 13.813 Thread 0x000001b27f11c4d0 6503       4       org.springframework.core.annotation.TypeMappedAnnotations$MergedAnnotationFinder::doWithAggregate (7 bytes)
Event: 13.813 Thread 0x000001b27f11c4d0 nmethod 6503 0x000001b20f62da90 code [0x000001b20f62dc00, 0x000001b20f62dc98]
Event: 13.813 Thread 0x000001b27f11c4d0 6498       4       org.springframework.core.annotation.MergedAnnotations$Search::lambda$static$1 (16 bytes)
Event: 13.814 Thread 0x000001b27f11c4d0 nmethod 6498 0x000001b20f62dd90 code [0x000001b20f62df00, 0x000001b20f62df78]
Event: 13.814 Thread 0x000001b27f11c4d0 6499       4       org.springframework.core.annotation.MergedAnnotations$Search$$Lambda$377/0x0000000800d07160::test (8 bytes)
Event: 13.814 Thread 0x000001b27f11c4d0 nmethod 6499 0x000001b20f62e090 code [0x000001b20f62e220, 0x000001b20f62e2d8]
Event: 13.814 Thread 0x000001b27f11c4d0 6489       4       org.springframework.core.annotation.MissingMergedAnnotation::isPresent (15 bytes)
Event: 13.814 Thread 0x000001b27f11c4d0 nmethod 6489 0x000001b20f62e390 code [0x000001b20f62e500, 0x000001b20f62e598]
Event: 13.814 Thread 0x000001b27f11c4d0 6506       4       java.util.concurrent.ConcurrentHashMap$Node::<init> (20 bytes)
Event: 13.816 Thread 0x000001b27f11c4d0 nmethod 6506 0x000001b20f62e690 code [0x000001b20f62e800, 0x000001b20f62ea38]
Event: 13.816 Thread 0x000001b27f11c4d0 6493       4       java.util.Arrays::copyOf (40 bytes)

GC Heap History (20 events):
Event: 6.922 GC heap before
{Heap before GC invocations=9 (full 0):
 garbage-first heap   total 100352K, used 75949K [0x0000000702a00000, 0x0000000800000000)
  region size 2048K, 24 young (49152K), 2 survivors (4096K)
 Metaspace       used 27816K, committed 28160K, reserved 1081344K
  class space    used 3192K, committed 3328K, reserved 1048576K
}
Event: 6.930 GC heap after
{Heap after GC invocations=10 (full 0):
 garbage-first heap   total 100352K, used 33516K [0x0000000702a00000, 0x0000000800000000)
  region size 2048K, 3 young (6144K), 3 survivors (6144K)
 Metaspace       used 27816K, committed 28160K, reserved 1081344K
  class space    used 3192K, committed 3328K, reserved 1048576K
}
Event: 7.642 GC heap before
{Heap before GC invocations=10 (full 0):
 garbage-first heap   total 100352K, used 78572K [0x0000000702a00000, 0x0000000800000000)
  region size 2048K, 25 young (51200K), 3 survivors (6144K)
 Metaspace       used 30084K, committed 30336K, reserved 1081344K
  class space    used 3578K, committed 3712K, reserved 1048576K
}
Event: 7.653 GC heap after
{Heap after GC invocations=11 (full 0):
 garbage-first heap   total 100352K, used 35611K [0x0000000702a00000, 0x0000000800000000)
  region size 2048K, 3 young (6144K), 3 survivors (6144K)
 Metaspace       used 30084K, committed 30336K, reserved 1081344K
  class space    used 3578K, committed 3712K, reserved 1048576K
}
Event: 8.316 GC heap before
{Heap before GC invocations=11 (full 0):
 garbage-first heap   total 100352K, used 78619K [0x0000000702a00000, 0x0000000800000000)
  region size 2048K, 24 young (49152K), 3 survivors (6144K)
 Metaspace       used 32987K, committed 33344K, reserved 1081344K
  class space    used 3979K, committed 4160K, reserved 1048576K
}
Event: 8.329 GC heap after
{Heap after GC invocations=12 (full 0):
 garbage-first heap   total 200704K, used 38227K [0x0000000702a00000, 0x0000000800000000)
  region size 2048K, 3 young (6144K), 3 survivors (6144K)
 Metaspace       used 32987K, committed 33344K, reserved 1081344K
  class space    used 3979K, committed 4160K, reserved 1048576K
}
Event: 8.965 GC heap before
{Heap before GC invocations=12 (full 0):
 garbage-first heap   total 200704K, used 81235K [0x0000000702a00000, 0x0000000800000000)
  region size 2048K, 25 young (51200K), 3 survivors (6144K)
 Metaspace       used 35589K, committed 35968K, reserved 1081344K
  class space    used 4281K, committed 4480K, reserved 1048576K
}
Event: 8.972 GC heap after
{Heap after GC invocations=13 (full 0):
 garbage-first heap   total 200704K, used 40583K [0x0000000702a00000, 0x0000000800000000)
  region size 2048K, 4 young (8192K), 4 survivors (8192K)
 Metaspace       used 35589K, committed 35968K, reserved 1081344K
  class space    used 4281K, committed 4480K, reserved 1048576K
}
Event: 10.310 GC heap before
{Heap before GC invocations=14 (full 0):
 garbage-first heap   total 151552K, used 122503K [0x0000000702a00000, 0x0000000800000000)
  region size 2048K, 44 young (90112K), 4 survivors (8192K)
 Metaspace       used 40567K, committed 40960K, reserved 1089536K
  class space    used 4984K, committed 5184K, reserved 1048576K
}
Event: 10.321 GC heap after
{Heap after GC invocations=15 (full 0):
 garbage-first heap   total 151552K, used 45893K [0x0000000702a00000, 0x0000000800000000)
  region size 2048K, 6 young (12288K), 6 survivors (12288K)
 Metaspace       used 40567K, committed 40960K, reserved 1089536K
  class space    used 4984K, committed 5184K, reserved 1048576K
}
Event: 10.340 GC heap before
{Heap before GC invocations=15 (full 0):
 garbage-first heap   total 151552K, used 47941K [0x0000000702a00000, 0x0000000800000000)
  region size 2048K, 7 young (14336K), 6 survivors (12288K)
 Metaspace       used 40769K, committed 41152K, reserved 1089536K
  class space    used 4993K, committed 5184K, reserved 1048576K
}
Event: 10.348 GC heap after
{Heap after GC invocations=16 (full 0):
 garbage-first heap   total 151552K, used 46485K [0x0000000702a00000, 0x0000000800000000)
  region size 2048K, 1 young (2048K), 1 survivors (2048K)
 Metaspace       used 40769K, committed 41152K, reserved 1089536K
  class space    used 4993K, committed 5184K, reserved 1048576K
}
Event: 11.788 GC heap before
{Heap before GC invocations=16 (full 0):
 garbage-first heap   total 151552K, used 120213K [0x0000000702a00000, 0x0000000800000000)
  region size 2048K, 37 young (75776K), 1 survivors (2048K)
 Metaspace       used 48405K, committed 48832K, reserved 1097728K
  class space    used 5893K, committed 6144K, reserved 1048576K
}
Event: 11.794 GC heap after
{Heap after GC invocations=17 (full 0):
 garbage-first heap   total 151552K, used 49619K [0x0000000702a00000, 0x0000000800000000)
  region size 2048K, 3 young (6144K), 3 survivors (6144K)
 Metaspace       used 48405K, committed 48832K, reserved 1097728K
  class space    used 5893K, committed 6144K, reserved 1048576K
}
Event: 12.456 GC heap before
{Heap before GC invocations=17 (full 0):
 garbage-first heap   total 151552K, used 121299K [0x0000000702a00000, 0x0000000800000000)
  region size 2048K, 38 young (77824K), 3 survivors (6144K)
 Metaspace       used 53060K, committed 53504K, reserved 1097728K
  class space    used 6571K, committed 6784K, reserved 1048576K
}
Event: 12.465 GC heap after
{Heap after GC invocations=18 (full 0):
 garbage-first heap   total 151552K, used 53390K [0x0000000702a00000, 0x0000000800000000)
  region size 2048K, 5 young (10240K), 5 survivors (10240K)
 Metaspace       used 53060K, committed 53504K, reserved 1097728K
  class space    used 6571K, committed 6784K, reserved 1048576K
}
Event: 13.287 GC heap before
{Heap before GC invocations=18 (full 0):
 garbage-first heap   total 151552K, used 120974K [0x0000000702a00000, 0x0000000800000000)
  region size 2048K, 38 young (77824K), 5 survivors (10240K)
 Metaspace       used 57381K, committed 57792K, reserved 1105920K
  class space    used 7206K, committed 7424K, reserved 1048576K
}
Event: 13.297 GC heap after
{Heap after GC invocations=19 (full 0):
 garbage-first heap   total 151552K, used 58563K [0x0000000702a00000, 0x0000000800000000)
  region size 2048K, 5 young (10240K), 5 survivors (10240K)
 Metaspace       used 57381K, committed 57792K, reserved 1105920K
  class space    used 7206K, committed 7424K, reserved 1048576K
}
Event: 13.743 GC heap before
{Heap before GC invocations=19 (full 0):
 garbage-first heap   total 151552K, used 97475K [0x0000000702a00000, 0x0000000800000000)
  region size 2048K, 25 young (51200K), 5 survivors (10240K)
 Metaspace       used 59849K, committed 60288K, reserved 1105920K
  class space    used 7507K, committed 7744K, reserved 1048576K
}
Event: 13.753 GC heap after
{Heap after GC invocations=20 (full 0):
 garbage-first heap   total 294912K, used 60450K [0x0000000702a00000, 0x0000000800000000)
  region size 2048K, 4 young (8192K), 4 survivors (8192K)
 Metaspace       used 59849K, committed 60288K, reserved 1105920K
  class space    used 7507K, committed 7744K, reserved 1048576K
}

Deoptimization events (20 events):
Event: 13.683 Thread 0x000001b278a7fac0 Uncommon trap: trap_request=0xffffff45 fr.pc=0x000001b20f603298 relative=0x00000000000006b8
Event: 13.683 Thread 0x000001b278a7fac0 Uncommon trap: reason=unstable_if action=reinterpret pc=0x000001b20f603298 method=java.util.WeakHashMap.matchesKey(Ljava/util/WeakHashMap$Entry;Ljava/lang/Object;)Z @ 5 c2
Event: 13.683 Thread 0x000001b278a7fac0 DEOPT PACKING pc=0x000001b20f603298 sp=0x00000024346f9bf0
Event: 13.683 Thread 0x000001b278a7fac0 DEOPT UNPACKING pc=0x000001b2077f23a3 sp=0x00000024346f9b40 mode 2
Event: 13.686 Thread 0x000001b278a7fac0 Uncommon trap: trap_request=0xffffff45 fr.pc=0x000001b20f432974 relative=0x0000000000000074
Event: 13.686 Thread 0x000001b278a7fac0 Uncommon trap: reason=unstable_if action=reinterpret pc=0x000001b20f432974 method=java.util.WeakHashMap.matchesKey(Ljava/util/WeakHashMap$Entry;Ljava/lang/Object;)Z @ 5 c2
Event: 13.686 Thread 0x000001b278a7fac0 DEOPT PACKING pc=0x000001b20f432974 sp=0x00000024346f9980
Event: 13.686 Thread 0x000001b278a7fac0 DEOPT UNPACKING pc=0x000001b2077f23a3 sp=0x00000024346f9918 mode 2
Event: 13.790 Thread 0x000001b278a7fac0 Uncommon trap: trap_request=0xffffff45 fr.pc=0x000001b20f5d496c relative=0x00000000000012cc
Event: 13.790 Thread 0x000001b278a7fac0 Uncommon trap: reason=unstable_if action=reinterpret pc=0x000001b20f5d496c method=java.util.concurrent.ConcurrentHashMap.putVal(Ljava/lang/Object;Ljava/lang/Object;Z)Ljava/lang/Object; @ 401 c2
Event: 13.790 Thread 0x000001b278a7fac0 DEOPT PACKING pc=0x000001b20f5d496c sp=0x00000024346f9730
Event: 13.790 Thread 0x000001b278a7fac0 DEOPT UNPACKING pc=0x000001b2077f23a3 sp=0x00000024346f96c0 mode 2
Event: 13.791 Thread 0x000001b278a7fac0 Uncommon trap: trap_request=0xffffff45 fr.pc=0x000001b20f5ff198 relative=0x0000000000000278
Event: 13.791 Thread 0x000001b278a7fac0 Uncommon trap: reason=unstable_if action=reinterpret pc=0x000001b20f5ff198 method=java.util.concurrent.ConcurrentHashMap.get(Ljava/lang/Object;)Ljava/lang/Object; @ 86 c2
Event: 13.791 Thread 0x000001b278a7fac0 DEOPT PACKING pc=0x000001b20f5ff198 sp=0x00000024346f97d0
Event: 13.792 Thread 0x000001b278a7fac0 DEOPT UNPACKING pc=0x000001b2077f23a3 sp=0x00000024346f9738 mode 2
Event: 13.810 Thread 0x000001b278a7fac0 Uncommon trap: trap_request=0xffffff45 fr.pc=0x000001b20f569340 relative=0x00000000000011e0
Event: 13.810 Thread 0x000001b278a7fac0 Uncommon trap: reason=unstable_if action=reinterpret pc=0x000001b20f569340 method=java.util.WeakHashMap.put(Ljava/lang/Object;Ljava/lang/Object;)Ljava/lang/Object; @ 146 c2
Event: 13.810 Thread 0x000001b278a7fac0 DEOPT PACKING pc=0x000001b20f569340 sp=0x00000024346f8bb0
Event: 13.810 Thread 0x000001b278a7fac0 DEOPT UNPACKING pc=0x000001b2077f23a3 sp=0x00000024346f8b98 mode 2

Classes unloaded (0 events):
No events

Classes redefined (0 events):
No events

Internal exceptions (20 events):
Event: 7.936 Thread 0x000001b278a7fac0 Exception <a 'java/lang/NoClassDefFoundError'{0x00000007076af0a8}: org/springframework/session/jdbc/JdbcIndexedSessionRepository> (0x00000007076af0a8) 
thrown [t:\workspace\open\src\hotspot\share\classfile\systemDictionary.cpp, line 245]
Event: 8.463 Thread 0x000001b278a7fac0 Implicit null exception at 0x000001b20f44e337 to 0x000001b20f44e580
Event: 8.470 Thread 0x000001b278a7fac0 Exception <a 'sun/nio/fs/WindowsException'{0x000000070e57efd8}> (0x000000070e57efd8) 
thrown [t:\workspace\open\src\hotspot\share\prims\jni.cpp, line 516]
Event: 8.471 Thread 0x000001b278a7fac0 Exception <a 'sun/nio/fs/WindowsException'{0x000000070e5831a8}> (0x000000070e5831a8) 
thrown [t:\workspace\open\src\hotspot\share\prims\jni.cpp, line 516]
Event: 9.676 Thread 0x000001b278a7fac0 Exception <a 'java/lang/NoSuchMethodError'{0x00000007092a3ed0}: 'java.lang.Object java.lang.invoke.DirectMethodHandle$Holder.invokeStaticInit(java.lang.Object, int, int, int, int)'> (0x00000007092a3ed0) 
thrown [t:\workspace\open\src\hotspot\share\interpreter\linkResolver.cpp, line 766]
Event: 9.747 Thread 0x000001b278a7fac0 Exception <a 'java/lang/NoSuchMethodError'{0x0000000709376518}: 'java.lang.Object java.lang.invoke.DirectMethodHandle$Holder.invokeStaticInit(java.lang.Object, java.lang.Object, int, int, int, int)'> (0x0000000709376518) 
thrown [t:\workspace\open\src\hotspot\share\interpreter\linkResolver.cpp, line 766]
Event: 10.763 Thread 0x000001b278a7fac0 Exception <a 'sun/nio/fs/WindowsException'{0x000000070a040ef0}> (0x000000070a040ef0) 
thrown [t:\workspace\open\src\hotspot\share\prims\jni.cpp, line 516]
Event: 10.773 Thread 0x000001b278a7fac0 Exception <a 'java/lang/NoSuchMethodError'{0x000000070a086020}: 'int java.lang.invoke.DirectMethodHandle$Holder.invokeStaticInit(java.lang.Object, java.lang.Object, java.lang.Object, java.lang.Object)'> (0x000000070a086020) 
thrown [t:\workspace\open\src\hotspot\share\interpreter\linkResolver.cpp, line 766]
Event: 11.265 Thread 0x000001b278a7fac0 Exception <a 'java/lang/NoSuchMethodError'{0x00000007088818e8}: 'java.lang.Object java.lang.invoke.DirectMethodHandle$Holder.invokeStaticInit(java.lang.Object, java.lang.Object, java.lang.Object, java.lang.Object)'> (0x00000007088818e8) 
thrown [t:\workspace\open\src\hotspot\share\interpreter\linkResolver.cpp, line 766]
Event: 11.928 Thread 0x000001b278a7fac0 Exception <a 'java/lang/NoSuchMethodError'{0x000000070ac2fb90}: 'java.lang.Object java.lang.invoke.DirectMethodHandle$Holder.newInvokeSpecial(java.lang.Object, java.lang.Object, java.lang.Object, int)'> (0x000000070ac2fb90) 
thrown [t:\workspace\open\src\hotspot\share\interpreter\linkResolver.cpp, line 766]
Event: 11.928 Thread 0x000001b278a7fac0 Exception <a 'java/lang/NoSuchMethodError'{0x000000070ac34670}: 'java.lang.Object java.lang.invoke.DirectMethodHandle$Holder.invokeSpecial(java.lang.Object, java.lang.Object, java.lang.Object, java.lang.Object, int)'> (0x000000070ac34670) 
thrown [t:\workspace\open\src\hotspot\share\interpreter\linkResolver.cpp, line 766]
Event: 11.929 Thread 0x000001b278a7fac0 Exception <a 'java/lang/NoSuchMethodError'{0x000000070ac38a30}: 'java.lang.Object java.lang.invoke.Invokers$Holder.linkToTargetMethod(java.lang.Object, java.lang.Object, int, java.lang.Object)'> (0x000000070ac38a30) 
thrown [t:\workspace\open\src\hotspot\share\interpreter\linkResolver.cpp, line 766]
Event: 12.418 Thread 0x000001b278a7fac0 Exception <a 'java/lang/NoSuchMethodError'{0x0000000707b87cd8}: 'java.lang.Object java.lang.invoke.DirectMethodHandle$Holder.invokeStatic(java.lang.Object, java.lang.Object, int, java.lang.Object)'> (0x0000000707b87cd8) 
thrown [t:\workspace\open\src\hotspot\share\interpreter\linkResolver.cpp, line 766]
Event: 12.418 Thread 0x000001b278a7fac0 Exception <a 'java/lang/NoSuchMethodError'{0x0000000707b8bcc0}: 'java.lang.Object java.lang.invoke.DirectMethodHandle$Holder.invokeStaticInit(java.lang.Object, java.lang.Object, int, java.lang.Object)'> (0x0000000707b8bcc0) 
thrown [t:\workspace\open\src\hotspot\share\interpreter\linkResolver.cpp, line 766]
Event: 12.481 Thread 0x000001b278a7fac0 Exception <a 'java/lang/IncompatibleClassChangeError'{0x000000071275b848}: Found class java.lang.Object, but interface was expected> (0x000000071275b848) 
thrown [t:\workspace\open\src\hotspot\share\interpreter\linkResolver.cpp, line 833]
Event: 13.336 Thread 0x000001b278a7fac0 Exception <a 'java/lang/NoSuchMethodError'{0x000000070bf6fde0}: 'void java.lang.invoke.DirectMethodHandle$Holder.invokeSpecial(java.lang.Object, java.lang.Object, java.lang.Object, java.lang.Object, java.lang.Object, java.lang.Object, java.lang.Object, java.lang.Object)'> (0x000000070bf6fde0) 
thrown [t:\workspace\open\src\hotspot\share\interpreter\linkResolver.cpp, line 766]
Event: 13.341 Thread 0x000001b278a7fac0 Exception <a 'java/lang/NoSuchMethodError'{0x000000070bfbab18}: 'java.lang.Object java.lang.invoke.DirectMethodHandle$Holder.newInvokeSpecial(java.lang.Object, java.lang.Object, java.lang.Object, java.lang.Object, java.lang.Object, java.lang.Object, java.lang.Object, int)'> (0x000000070bfbab18) 
thrown [t:\workspace\open\src\hotspot\share\interpreter\linkResolver.cpp, line 766]
Event: 13.341 Thread 0x000001b278a7fac0 Exception <a 'java/lang/NoSuchMethodError'{0x000000070bfc0308}: 'java.lang.Object java.lang.invoke.DirectMethodHandle$Holder.invokeSpecial(java.lang.Object, java.lang.Object, java.lang.Object, java.lang.Object, java.lang.Object, java.lang.Object, java.lang.Object, java.lang.Object, int)'> (0x000000070bfc0308) 
thrown [t:\workspace\open\src\hotspot\share\interpreter\linkResolver.cpp, line 766]
Event: 13.791 Thread 0x000001b278a7fac0 Exception <a 'java/lang/IncompatibleClassChangeError'{0x00000007147bd980}: Found class java.lang.Object, but interface was expected> (0x00000007147bd980) 
thrown [t:\workspace\open\src\hotspot\share\interpreter\linkResolver.cpp, line 833]
Event: 13.808 Thread 0x000001b278a7fac0 Exception <a 'java/lang/IncompatibleClassChangeError'{0x0000000714490358}: Found class java.lang.Object, but interface was expected> (0x0000000714490358) 
thrown [t:\workspace\open\src\hotspot\share\interpreter\linkResolver.cpp, line 833]

VM Operations (20 events):
Event: 10.768 Executing VM operation: HandshakeAllThreads
Event: 10.769 Executing VM operation: HandshakeAllThreads done
Event: 10.938 Executing VM operation: HandshakeAllThreads
Event: 10.938 Executing VM operation: HandshakeAllThreads done
Event: 11.183 Executing VM operation: ICBufferFull
Event: 11.184 Executing VM operation: ICBufferFull done
Event: 11.184 Executing VM operation: ICBufferFull
Event: 11.184 Executing VM operation: ICBufferFull done
Event: 11.788 Executing VM operation: G1CollectForAllocation
Event: 11.798 Executing VM operation: G1CollectForAllocation done
Event: 12.053 Executing VM operation: HandshakeAllThreads
Event: 12.053 Executing VM operation: HandshakeAllThreads done
Event: 12.456 Executing VM operation: G1CollectForAllocation
Event: 12.465 Executing VM operation: G1CollectForAllocation done
Event: 13.286 Executing VM operation: G1CollectForAllocation
Event: 13.297 Executing VM operation: G1CollectForAllocation done
Event: 13.685 Executing VM operation: HandshakeAllThreads
Event: 13.685 Executing VM operation: HandshakeAllThreads done
Event: 13.743 Executing VM operation: CollectForMetadataAllocation
Event: 13.753 Executing VM operation: CollectForMetadataAllocation done

Events (20 events):
Event: 13.808 loading class org/springframework/data/domain/ManagedTypes
Event: 13.808 loading class org/springframework/data/domain/ManagedTypes done
Event: 13.808 loading class org/springframework/data/mapping/model/SimpleTypeHolder
Event: 13.808 loading class org/springframework/data/mapping/model/SimpleTypeHolder done
Event: 13.810 loading class org/springframework/data/mapping/model/SimpleTypeHolder
Event: 13.810 loading class org/springframework/data/mapping/model/SimpleTypeHolder done
Event: 13.810 loading class org/springframework/data/mapping/context/PersistentPropertyPathFactory
Event: 13.810 loading class org/springframework/data/mapping/context/PersistentPropertyPathFactory done
Event: 13.813 loading class org/springframework/data/mapping/PersistentPropertyPath
Event: 13.813 loading class org/springframework/data/mapping/PersistentPropertyPath done
Event: 13.814 loading class org/springframework/data/mapping/context/InvalidPersistentPropertyPath
Event: 13.814 loading class org/springframework/data/mapping/context/InvalidPersistentPropertyPath done
Event: 13.815 loading class org/springframework/data/mapping/PersistentProperty
Event: 13.815 loading class org/springframework/data/mapping/PersistentProperty done
Event: 13.815 loading class org/springframework/data/mapping/model/EntityInstantiators
Event: 13.815 loading class org/springframework/data/mapping/model/EntityInstantiators done
Event: 13.816 loading class org/springframework/data/mapping/model/EntityInstantiator
Event: 13.816 loading class org/springframework/data/mapping/model/EntityInstantiator done
Event: 13.817 loading class org/springframework/data/mapping/model/KotlinClassGeneratingEntityInstantiator
Event: 13.817 loading class org/springframework/data/mapping/model/KotlinClassGeneratingEntityInstantiator done


Dynamic libraries:
0x00007ff65c030000 - 0x00007ff65c040000 	C:\Program Files\Java\jdk-17.0.3.1\bin\java.exe
0x00007ff9891b0000 - 0x00007ff9893a8000 	C:\WINDOWS\SYSTEM32\ntdll.dll
0x00007ff987320000 - 0x00007ff9873dd000 	C:\WINDOWS\System32\KERNEL32.DLL
0x00007ff986ef0000 - 0x00007ff9871e6000 	C:\WINDOWS\System32\KERNELBASE.dll
0x00007ff986bc0000 - 0x00007ff986cc0000 	C:\WINDOWS\System32\ucrtbase.dll
0x00007ff96bb40000 - 0x00007ff96bb58000 	C:\Program Files\Java\jdk-17.0.3.1\bin\jli.dll
0x00007ff96baa0000 - 0x00007ff96baba000 	C:\Program Files\Java\jdk-17.0.3.1\bin\VCRUNTIME140.dll
0x00007ff9873e0000 - 0x00007ff98748e000 	C:\WINDOWS\System32\ADVAPI32.dll
0x00007ff9874b0000 - 0x00007ff98754e000 	C:\WINDOWS\System32\msvcrt.dll
0x00007ff9890d0000 - 0x00007ff98916c000 	C:\WINDOWS\System32\sechost.dll
0x00007ff987820000 - 0x00007ff987946000 	C:\WINDOWS\System32\RPCRT4.dll
0x00007ff988ea0000 - 0x00007ff98903e000 	C:\WINDOWS\System32\USER32.dll
0x00007ff9868f0000 - 0x00007ff986912000 	C:\WINDOWS\System32\win32u.dll
0x00007ff987950000 - 0x00007ff98797c000 	C:\WINDOWS\System32\GDI32.dll
0x00007ff986cc0000 - 0x00007ff986dda000 	C:\WINDOWS\System32\gdi32full.dll
0x00007ff97d2c0000 - 0x00007ff97d55a000 	C:\WINDOWS\WinSxS\amd64_microsoft.windows.common-controls_6595b64144ccf1df_6.0.19041.1110_none_60b5254171f9507e\COMCTL32.dll
0x00007ff986e50000 - 0x00007ff986eed000 	C:\WINDOWS\System32\msvcp_win.dll
0x00007ff9863b0000 - 0x00007ff9863ba000 	C:\WINDOWS\SYSTEM32\VERSION.dll
0x00007ff9877f0000 - 0x00007ff987820000 	C:\WINDOWS\System32\IMM32.DLL
0x0000000051690000 - 0x000000005169c000 	C:\Program Files (x86)\360\Total Security\safemon\SafeWrapper.dll
0x00007ff939040000 - 0x00007ff9390d2000 	C:\Program Files (x86)\360\Total Security\safemon\libzdtp64.dll
0x00007ff987f80000 - 0x00007ff9886c5000 	C:\WINDOWS\System32\SHELL32.dll
0x00007ff9886d0000 - 0x00007ff988725000 	C:\WINDOWS\System32\SHLWAPI.dll
0x00007ff96bb30000 - 0x00007ff96bb3c000 	C:\Program Files\Java\jdk-17.0.3.1\bin\vcruntime140_1.dll
0x00007ff92e2b0000 - 0x00007ff92e33d000 	C:\Program Files\Java\jdk-17.0.3.1\bin\msvcp140.dll
0x00007ff92d6f0000 - 0x00007ff92e2b0000 	C:\Program Files\Java\jdk-17.0.3.1\bin\server\jvm.dll
0x00007ff987aa0000 - 0x00007ff987aa8000 	C:\WINDOWS\System32\PSAPI.DLL
0x00007ff97d560000 - 0x00007ff97d569000 	C:\WINDOWS\SYSTEM32\WSOCK32.dll
0x00007ff96d3b0000 - 0x00007ff96d3d7000 	C:\WINDOWS\SYSTEM32\WINMM.dll
0x00007ff988730000 - 0x00007ff98879b000 	C:\WINDOWS\System32\WS2_32.dll
0x00007ff984730000 - 0x00007ff984742000 	C:\WINDOWS\SYSTEM32\kernel.appcore.dll
0x00007ff96ba90000 - 0x00007ff96ba9a000 	C:\Program Files\Java\jdk-17.0.3.1\bin\jimage.dll
0x00007ff9757c0000 - 0x00007ff9759a4000 	C:\WINDOWS\SYSTEM32\DBGHELP.DLL
0x00007ff974f50000 - 0x00007ff974f84000 	C:\WINDOWS\SYSTEM32\dbgcore.DLL
0x00007ff9869d0000 - 0x00007ff986a52000 	C:\WINDOWS\System32\bcryptPrimitives.dll
0x00007ff9607b0000 - 0x00007ff9607be000 	C:\Program Files\Java\jdk-17.0.3.1\bin\instrument.dll
0x00007ff9390e0000 - 0x00007ff939105000 	C:\Program Files\Java\jdk-17.0.3.1\bin\java.dll
0x00007ff92d590000 - 0x00007ff92d5a8000 	C:\Program Files\Java\jdk-17.0.3.1\bin\zip.dll
0x00007ff92d610000 - 0x00007ff92d6e6000 	C:\Program Files\Java\jdk-17.0.3.1\bin\jsvml.dll
0x00007ff984930000 - 0x00007ff9850cb000 	C:\WINDOWS\SYSTEM32\windows.storage.dll
0x00007ff988950000 - 0x00007ff988ca4000 	C:\WINDOWS\System32\combase.dll
0x00007ff9861f0000 - 0x00007ff98621e000 	C:\WINDOWS\SYSTEM32\Wldp.dll
0x00007ff988cc0000 - 0x00007ff988d6d000 	C:\WINDOWS\System32\SHCORE.dll
0x00007ff986820000 - 0x00007ff986845000 	C:\WINDOWS\SYSTEM32\profapi.dll
0x00007ff92d5f0000 - 0x00007ff92d609000 	C:\Program Files\Java\jdk-17.0.3.1\bin\net.dll
0x00007ff9819c0000 - 0x00007ff981aca000 	C:\WINDOWS\SYSTEM32\WINHTTP.dll
0x00007ff985f50000 - 0x00007ff985fba000 	C:\WINDOWS\system32\mswsock.dll
0x00007ff92d5b0000 - 0x00007ff92d5c6000 	C:\Program Files\Java\jdk-17.0.3.1\bin\nio.dll
0x00007ff931b90000 - 0x00007ff931baa000 	C:\Program Files\JetBrains\IntelliJ IDEA Community Edition 2023.2.1\bin\breakgen64.dll
0x00007ff985c40000 - 0x00007ff985c7b000 	C:\WINDOWS\SYSTEM32\IPHLPAPI.DLL
0x00007ff987700000 - 0x00007ff987708000 	C:\WINDOWS\System32\NSI.dll
0x00007ff97fba0000 - 0x00007ff97fbb7000 	C:\WINDOWS\SYSTEM32\dhcpcsvc6.DLL
0x00007ff97fb80000 - 0x00007ff97fb9d000 	C:\WINDOWS\SYSTEM32\dhcpcsvc.DLL
0x00007ff985c80000 - 0x00007ff985d4a000 	C:\WINDOWS\SYSTEM32\DNSAPI.dll
0x00007ff97e510000 - 0x00007ff97e51a000 	C:\Windows\System32\rasadhlp.dll
0x00007ff97e710000 - 0x00007ff97e792000 	C:\WINDOWS\System32\fwpuclnt.dll
0x00007ff9871f0000 - 0x00007ff987217000 	C:\WINDOWS\System32\bcrypt.dll
0x00007ff92d3f0000 - 0x00007ff92d400000 	C:\Program Files\Java\jdk-17.0.3.1\bin\verify.dll
0x00007ff986140000 - 0x00007ff986158000 	C:\WINDOWS\SYSTEM32\CRYPTSP.dll
0x00007ff985860000 - 0x00007ff985894000 	C:\WINDOWS\system32\rsaenh.dll
0x00007ff9867e0000 - 0x00007ff98680e000 	C:\WINDOWS\SYSTEM32\USERENV.dll
0x00007ff986160000 - 0x00007ff98616c000 	C:\WINDOWS\SYSTEM32\CRYPTBASE.dll
0x00007ff92d320000 - 0x00007ff92d32e000 	C:\Program Files\Java\jdk-17.0.3.1\bin\sunmscapi.dll
0x00007ff986a60000 - 0x00007ff986bbe000 	C:\WINDOWS\System32\CRYPT32.dll
0x00007ff986260000 - 0x00007ff986288000 	C:\WINDOWS\SYSTEM32\ncrypt.dll
0x00007ff986220000 - 0x00007ff98625b000 	C:\WINDOWS\SYSTEM32\NTASN1.dll

dbghelp: loaded successfully - version: 4.0.5 - missing functions: none
symbol engine: initialized successfully - sym options: 0x614 - pdb path: .;C:\Program Files\Java\jdk-17.0.3.1\bin;C:\WINDOWS\SYSTEM32;C:\WINDOWS\WinSxS\amd64_microsoft.windows.common-controls_6595b64144ccf1df_6.0.19041.1110_none_60b5254171f9507e;C:\Program Files (x86)\360\Total Security\safemon;C:\Program Files\Java\jdk-17.0.3.1\bin\server;C:\Program Files\JetBrains\IntelliJ IDEA Community Edition 2023.2.1\bin

VM Arguments:
jvm_args: -ea -javaagent:C:\Users\SREENI~1\AppData\Local\Temp\testAgent9jars\intellij-coverage-agent-1.0.723.jar=C:\Users\SREENI~1\AppData\Local\Temp\coverage12455args -Didea.new.sampling.coverage=true -Didea.test.cyclic.buffer.size=1048576 -javaagent:C:\Program Files\JetBrains\IntelliJ IDEA Community Edition 2023.2.1\lib\idea_rt.jar=63396:C:\Program Files\JetBrains\IntelliJ IDEA Community Edition 2023.2.1\bin -Dfile.encoding=UTF-8 
java_command: com.intellij.rt.junit.JUnitStarter -ideVersion5 -junit5 @w@C:\Users\SREENI~1\AppData\Local\Temp\idea_working_dirs_junit.tmp @C:\Users\SREENI~1\AppData\Local\Temp\idea_junit.tmp -socket63395
java_class_path (initial): C:\Users\Sreenivas Bandaru\.m2\repository\org\junit\platform\junit-platform-launcher\1.9.3\junit-platform-launcher-1.9.3.jar;C:\Program Files\JetBrains\IntelliJ IDEA Community Edition 2023.2.1\lib\idea_rt.jar;C:\Program Files\JetBrains\IntelliJ IDEA Community Edition 2023.2.1\plugins\junit\lib\junit5-rt.jar;C:\Program Files\JetBrains\IntelliJ IDEA Community Edition 2023.2.1\plugins\junit\lib\junit-rt.jar;C:\Users\Sreenivas Bandaru\Documents\MICRO-SERVICES\rating-service\target\test-classes;C:\Users\Sreenivas Bandaru\Documents\MICRO-SERVICES\rating-service\target\classes;C:\Users\Sreenivas Bandaru\.m2\repository\org\springframework\boot\spring-boot-starter-data-jpa\3.0.11\spring-boot-starter-data-jpa-3.0.11.jar;C:\Users\Sreenivas Bandaru\.m2\repository\org\springframework\boot\spring-boot-starter-aop\3.0.11\spring-boot-starter-aop-3.0.11.jar;C:\Users\Sreenivas Bandaru\.m2\repository\org\springframework\spring-aop\6.0.12\spring-aop-6.0.12.jar;C:\Users\Sreenivas Bandaru\.m2\repository\org\aspectj\aspectjweaver\1.9.20\aspectjweaver-1.9.20.jar;C:\Users\Sreenivas Bandaru\.m2\repository\org\springframework\boot\spring-boot-starter-jdbc\3.0.11\spring-boot-starter-jdbc-3.0.11.jar;C:\Users\Sreenivas Bandaru\.m2\repository\com\zaxxer\HikariCP\5.0.1\HikariCP-5.0.1.jar;C:\Users\Sreenivas Bandaru\.m2\repository\org\springframework\spring-jdbc\6.0.12\spring-jdbc-6.0.12.jar;C:\Users\Sreenivas Bandaru\.m2\repository\org\hibernate\orm\hibernate-core\6.1.7.Final\hibernate-core-6.1.7.Final.jar;C:\Users\Sreenivas Bandaru\.m2\repository\jakarta\persistence\jakarta.persistence-api\3.1.0\jakarta.persistence-api-3.1.0.jar;C:\Users\Sreenivas Bandaru\.m2\repository\jakarta\transaction\jakarta.transaction-api\2.0.1\jakarta.transaction-api-2.0.1.jar;C:\Users\Sreenivas Bandaru\.m2\repository\org\jboss\logging\jboss-logging\3.5.3.Final\jboss-logging-3.5.3.Final.jar;C:\Users\Sreenivas Bandaru\.m2\repository\org\hibernate\common\hibernate-commons-annotations\6.0.6.Final
Launcher Type: SUN_STANDARD

[Global flags]
     intx CICompilerCount                          = 3                                         {product} {ergonomic}
     uint ConcGCThreads                            = 1                                         {product} {ergonomic}
     uint G1ConcRefinementThreads                  = 4                                         {product} {ergonomic}
   size_t G1HeapRegionSize                         = 2097152                                   {product} {ergonomic}
    uintx GCDrainStackTargetSize                   = 64                                        {product} {ergonomic}
   size_t InitialHeapSize                          = 266338304                                 {product} {ergonomic}
   size_t MarkStackSize                            = 4194304                                   {product} {ergonomic}
   size_t MaxHeapSize                              = 4250927104                                {product} {ergonomic}
   size_t MaxNewSize                               = 2550136832                                {product} {ergonomic}
   size_t MinHeapDeltaBytes                        = 2097152                                   {product} {ergonomic}
   size_t MinHeapSize                              = 8388608                                   {product} {ergonomic}
    uintx NonNMethodCodeHeapSize                   = 5832780                                {pd product} {ergonomic}
    uintx NonProfiledCodeHeapSize                  = 122912730                              {pd product} {ergonomic}
    uintx ProfiledCodeHeapSize                     = 122912730                              {pd product} {ergonomic}
    uintx ReservedCodeCacheSize                    = 251658240                              {pd product} {ergonomic}
     bool SegmentedCodeCache                       = true                                      {product} {ergonomic}
   size_t SoftMaxHeapSize                          = 4250927104                             {manageable} {ergonomic}
     bool UseCompressedClassPointers               = true                           {product lp64_product} {ergonomic}
     bool UseCompressedOops                        = true                           {product lp64_product} {ergonomic}
     bool UseG1GC                                  = true                                      {product} {ergonomic}
     bool UseLargePagesIndividualAllocation        = false                                  {pd product} {ergonomic}

Logging:
Log output configuration:
 #0: stdout all=warning uptime,level,tags
 #1: stderr all=off uptime,level,tags

Environment Variables:
JAVA_HOME=C:\Program Files\Java\jdk-17.0.3.1\bin
PATH=C:\Program Files\Common Files\Oracle\Java\javapath;C:\WINDOWS\system32;C:\WINDOWS;C:\WINDOWS\System32\Wbem;C:\WINDOWS\System32\WindowsPowerShell\v1.0\;C:\WINDOWS\System32\OpenSSH\;C:\Program Files\Git\cmd;C:\Users\Sreenivas Bandaru\AppData\Local\Microsoft\WindowsApps;;C:\Users\Sreenivas Bandaru\AppData\Local\Programs\Microsoft VS Code\bin
USERNAME=Sreenivas Bandaru
OS=Windows_NT
PROCESSOR_IDENTIFIER=Intel64 Family 6 Model 58 Stepping 9, GenuineIntel



---------------  S Y S T E M  ---------------

OS:
 Windows 10 , 64 bit Build 19041 (10.0.19041.3393)
OS uptime: 3 days 2:29 hours

CPU: total 4 (initial active 4) (4 cores per cpu, 1 threads per core) family 6 model 58 stepping 9 microcode 0x21, cx8, cmov, fxsr, mmx, sse, sse2, sse3, ssse3, sse4.1, sse4.2, popcnt, tsc, tscinvbit, avx, aes, erms, clmul, vzeroupper, clflush

Memory: 4k page, system-wide physical 16208M (6836M free)
TotalPageFile size 19152M (AvailPageFile size 4374M)
current process WorkingSet (physical memory assigned to process): 370M, peak: 370M
current process commit charge ("private bytes"): 537M, peak: 537M

vm_info: Java HotSpot(TM) 64-Bit Server VM (17.0.3.1+2-LTS-6) for windows-amd64 JRE (17.0.3.1+2-LTS-6), built on Apr 25 2022 22:04:21 by "mach5one" with MS VC++ 16.8 / 16.9 (VS2019)

END.
