#
# A fatal error has been detected by the Java Runtime Environment:
#
#  EXCEPTION_ACCESS_VIOLATION (0xc0000005) at pc=0x00007ff92d9f39d7, pid=37368, tid=36980
#
# JRE version: Java(TM) SE Runtime Environment (17.0.3.1+2) (build 17.0.3.1+2-LTS-6)
# Java VM: Java HotSpot(TM) 64-Bit Server VM (17.0.3.1+2-LTS-6, mixed mode, sharing, tiered, compressed oops, compressed class ptrs, g1 gc, windows-amd64)
# Problematic frame:
# V  [jvm.dll+0x3039d7]
#
# No core dump will be written. Minidumps are not enabled by default on client versions of Windows
#
# If you would like to submit a bug report, please visit:
#   https://bugreport.java.com/bugreport/crash.jsp
#

---------------  S U M M A R Y ------------

Command Line: -javaagent:C:\Program Files\JetBrains\IntelliJ IDEA Community Edition 2023.2.1\lib\idea_rt.jar=61362:C:\Program Files\JetBrains\IntelliJ IDEA Community Edition 2023.2.1\bin -Dfile.encoding=UTF-8 com.ppc.user.servcie.UserService.UserServiceApplication

Host: Intel(R) Core(TM) i5-3470S CPU @ 2.90GHz, 4 cores, 15G,  Windows 10 , 64 bit Build 19041 (10.0.19041.3393)
Time: Mon Oct  9 14:59:04 2023 India Standard Time elapsed time: 6.267107 seconds (0d 0h 0m 6s)

---------------  T H R E A D  ---------------

Current thread (0x00000279a08f3f10):  GCTaskThread "GC Thread#1" [stack: 0x000000dd37900000,0x000000dd37a00000] [id=36980]

Stack: [0x000000dd37900000,0x000000dd37a00000],  sp=0x000000dd379ff6c0,  free space=1021k
Native frames: (J=compiled Java code, j=interpreted, Vv=VM code, C=native code)
V  [jvm.dll+0x3039d7]
V  [jvm.dll+0x3035c8]
V  [jvm.dll+0x2d72c4]
V  [jvm.dll+0x2d797a]
V  [jvm.dll+0x2d7a77]
V  [jvm.dll+0x2dd02b]
V  [jvm.dll+0x7fddfb]
V  [jvm.dll+0x7fde46]
V  [jvm.dll+0x780aca]
V  [jvm.dll+0x670045]
C  [ucrtbase.dll+0x21bb2]
C  [KERNEL32.DLL+0x17344]
C  [ntdll.dll+0x526b1]


siginfo: EXCEPTION_ACCESS_VIOLATION (0xc0000005), reading address 0x0000000000000010


Register to memory mapping:

RIP=0x00007ff92d9f39d7 jvm.dll
RAX=0x0 is NULL
RBX=0x000000070e20d809 is pointing into object: [Ljava.util.HashMap$Node; 
{0x000000070e20d7e0} - klass: 'java/util/HashMap$Node'[]
 - length: 16
RCX=0x0000000000000015 is an unknown value
RDX=0x0 is NULL
RSP=0x000000dd379ff6c0 points into unknown readable memory: 0x000000070f100000 | 00 00 10 0f 07 00 00 00
RBP=0x0000000000000708 is an unknown value
RSI=0x000000070e20d808 is pointing into object: [Ljava.util.HashMap$Node; 
{0x000000070e20d7e0} - klass: 'java/util/HashMap$Node'[]
 - length: 16
RDI=0x00000279a1a73610 points into unknown readable memory: 0x00007ff92dfe5508 | 08 55 fe 2d f9 7f 00 00
R8 =0x000000070e653840 is an oop: org.springframework.core.type.classreading.SimpleAnnotationMetadata 
{0x000000070e653840} - klass: 'org/springframework/core/type/classreading/SimpleAnnotationMetadata'
 - ---- fields (total size 7 words):
 - private final 'access' 'I' @12  33 (21)
 - private final 'independentInnerClass' 'Z' @16  true
 - private final 'className' 'Ljava/lang/String;' @20  "org.springframework.boot.autoconfigure.web.servlet.DispatcherServletAutoConfiguration$DispatcherServletRegistrationConfiguration"{0x000000070e8198f8} (e1d0331f)
 - private final 'enclosingClassName' 'Ljava/lang/String;' @24  "org.springframework.boot.autoconfigure.web.servlet.DispatcherServletAutoConfiguration"{0x000000070e653878} (e1cca70f)
 - private final 'superClassName' 'Ljava/lang/String;' @28  "java.lang.Object"{0x000000070e6538f8} (e1cca71f)
 - private final 'interfaceNames' 'Ljava/util/Set;' @32  a 'java/util/LinkedHashSet'{0x000000070e653930} (e1cca726)
 - private final 'memberClassNames' 'Ljava/util/Set;' @36  a 'java/util/LinkedHashSet'{0x000000070e653978} (e1cca72f)
 - private final 'declaredMethods' 'Ljava/util/Set;' @40  a 'java/util/LinkedHashSet'{0x000000070e6539c0} (e1cca738)
 - private final 'annotations' 'Lorg/springframework/core/annotation/MergedAnnotations;' @44  a 'org/springframework/core/annotation/MergedAnnotationsCollection'{0x000000070e654018} (e1cca803)
 - private 'annotationTypes' 'Ljava/util/Set;' @48  a 'java/util/Collections$UnmodifiableSet'{0x000000070e654748} (e1cca8e9)
R9 =0x00007ff92d6f0000 jvm.dll
R10=0x0000000000000010 is an unknown value
R11=0x0000000000000001 is an unknown value
R12=0x0000000000000004 is an unknown value
R13=0x000000dd379ff820 points into unknown readable memory: 0x00007ff92dfdecf8 | f8 ec fd 2d f9 7f 00 00
R14=0x0 is NULL
R15=0x0 is NULL


Registers:
RAX=0x0000000000000000, RBX=0x000000070e20d809, RCX=0x0000000000000015, RDX=0x0000000000000000
RSP=0x000000dd379ff6c0, RBP=0x0000000000000708, RSI=0x000000070e20d808, RDI=0x00000279a1a73610
R8 =0x000000070e653840, R9 =0x00007ff92d6f0000, R10=0x0000000000000010, R11=0x0000000000000001
R12=0x0000000000000004, R13=0x000000dd379ff820, R14=0x0000000000000000, R15=0x0000000000000000
RIP=0x00007ff92d9f39d7, EFLAGS=0x0000000000010246

Top of Stack: (sp=0x000000dd379ff6c0)
0x000000dd379ff6c0:   000000070f100000 0000000000000001
0x000000dd379ff6d0:   0000000000000008 0000002fc2a20501
0x000000dd379ff6e0:   0000000000000003 00000279a1a73610
0x000000dd379ff6f0:   000000dd36afee00 000000070e800968
0x000000dd379ff700:   00000279fae99aa0 00007ff92d9f35c8
0x000000dd379ff710:   0000021300000000 00000279a1a73610
0x000000dd379ff720:   0000000000000008 0000000000000001
0x000000dd379ff730:   000000dd379ff7a0 00007ff92d9c72c4
0x000000dd379ff740:   000000070e800969 00007ff92dfe2e28
0x000000dd379ff750:   000000dd36afee00 0000000000000000
0x000000dd379ff760:   0000000000000004 00007ff92d9e81f7
0x000000dd379ff770:   0000000000000000 0000000000000000
0x000000dd379ff780:   000000dd00000000 00007ff92de7f04e
0x000000dd379ff790:   0000000000000000 0000000000000000
0x000000dd379ff7a0:   00000279fea80f90 00000279a06768a0
0x000000dd379ff7b0:   00000000000003d8 00000279fea81368 

Instructions: (pc=0x00007ff92d9f39d7)
0x00007ff92d9f38d7:   fd ff ff 48 8d 53 fe 48 8b cf e8 6a f4 ff ff e9
0x00007ff92d9f38e7:   35 fd ff ff 0f 1f 44 00 00 48 8b 77 10 8b ae 80
0x00007ff92d9f38f7:   00 00 00 8b cd 8b 86 00 01 00 00 2b c8 81 e1 ff
0x00007ff92d9f3907:   ff 01 00 41 3b ce 0f 86 e7 02 00 00 ff cd 81 e5
0x00007ff92d9f3917:   ff ff 01 00 89 ae 80 00 00 00 e8 7a eb 35 00 8b
0x00007ff92d9f3927:   86 00 01 00 00 8b cd 48 8b 9e 80 01 00 00 2b c8
0x00007ff92d9f3937:   81 e1 ff ff 01 00 8b d5 81 f9 ff ff 01 00 48 8b
0x00007ff92d9f3947:   1c eb 41 0f 44 cf 85 c9 75 3c 48 8b 86 00 01 00
0x00007ff92d9f3957:   00 48 8b c8 89 6c 24 50 48 c1 e9 20 ff c1 89 4c
0x00007ff92d9f3967:   24 54 3b e8 0f 85 77 02 00 00 48 c1 e1 20 48 0b
0x00007ff92d9f3977:   ca f0 48 0f b1 8e 00 01 00 00 0f 85 61 02 00 00
0x00007ff92d9f3987:   8b 86 00 01 00 00 f6 c3 01 0f 84 2f 01 00 00 8b
0x00007ff92d9f3997:   0d 1c f9 77 00 48 8d 73 ff 48 8b 47 08 44 8b 16
0x00007ff92d9f39a7:   49 d3 e2 4c 03 15 ff f8 77 00 8b 88 90 05 00 00
0x00007ff92d9f39b7:   49 8b d2 48 8b 80 80 05 00 00 48 d3 ea 0f b7 14
0x00007ff92d9f39c7:   50 0f b7 c2 66 c1 e8 08 84 c0 0f 88 19 ff ff ff
0x00007ff92d9f39d7:   4d 8b 02 41 0f b6 c0 24 03 3c 03 75 1e 44 38 3d
0x00007ff92d9f39e7:   39 70 7e 00 74 0f 41 0f b6 c0 24 07 3c 05 75 05
0x00007ff92d9f39f7:   4d 8b c7 eb 17 49 83 e0 fc eb 11 4d 8b c8 48 8b
0x00007ff92d9f3a07:   cf 4d 8b c2 e8 a0 ee ff ff 4c 8b c0 8b 0d 9f f8
0x00007ff92d9f3a17:   77 00 49 8b d0 48 2b 15 8d f8 77 00 48 d3 ea 89
0x00007ff92d9f3a27:   16 49 8b d0 8b 0d 4f 79 7e 00 48 33 d6 48 d3 ea
0x00007ff92d9f3a37:   48 85 d2 0f 84 b0 fe ff ff 48 8b 47 08 48 8b d6
0x00007ff92d9f3a47:   8b 88 c0 01 00 00 48 8b 80 b0 01 00 00 48 d3 ea
0x00007ff92d9f3a57:   48 8b 0c d0 8b 81 94 00 00 00 d1 e8 a8 01 0f 85
0x00007ff92d9f3a67:   85 fe ff ff 48 8b 47 08 8b 88 90 05 00 00 48 8b
0x00007ff92d9f3a77:   80 80 05 00 00 49 d3 e8 46 38 3c 40 0f 84 67 fe
0x00007ff92d9f3a87:   ff ff 48 8b 47 60 48 c1 ee 09 48 8b 58 40 48 8b
0x00007ff92d9f3a97:   48 38 48 03 de 48 2b d9 48 39 9f b0 01 00 00 0f
0x00007ff92d9f3aa7:   84 44 fe ff ff 48 8d 14 0b 48 8d 4f 18 e8 a7 40
0x00007ff92d9f3ab7:   00 00 48 89 9f b0 01 00 00 e9 2b fe ff ff f6 c3
0x00007ff92d9f3ac7:   03 0f 85 09 01 00 00 48 8b 47 08 4c 8b 13 49 8b 


Stack slot to memory mapping:
stack at sp + 0 slots: 0x000000070f100000 is pointing into object: [B 
{0x000000070f0ffef0} - klass: {type array byte}
 - length: 319
stack at sp + 1 slots: 0x0000000000000001 is an unknown value
stack at sp + 2 slots: 0x0000000000000008 is an unknown value
stack at sp + 3 slots: 0x0000002fc2a20501 is an unknown value
stack at sp + 4 slots: 0x0000000000000003 is an unknown value
stack at sp + 5 slots: 0x00000279a1a73610 points into unknown readable memory: 0x00007ff92dfe5508 | 08 55 fe 2d f9 7f 00 00
stack at sp + 6 slots: 0x000000dd36afee00 points into unknown readable memory: 0x0000000000000000 | 00 00 00 00 00 00 00 00
stack at sp + 7 slots: 0x000000070e800968 is pointing into object: org.springframework.context.annotation.ConfigurationClassParser 
{0x000000070e800938} - klass: 'org/springframework/context/annotation/ConfigurationClassParser'
 - ---- fields (total size 9 words):
 - private final 'logger' 'Lorg/apache/commons/logging/Log;' @12  a 'org/apache/commons/logging/LogAdapter$Slf4jLocationAwareLog'{0x000000070e255498} (e1c4aa93)
 - private final 'metadataReaderFactory' 'Lorg/springframework/core/type/classreading/MetadataReaderFactory;' @16  a 'org/springframework/boot/type/classreading/ConcurrentReferenceCachingMetadataReaderFactory'{0x000000070e64d900} (e1cc9b20)
 - private final 'problemReporter' 'Lorg/springframework/beans/factory/parsing/ProblemReporter;' @20  a 'org/springframework/beans/factory/parsing/FailFastProblemReporter'{0x000000070e50c478} (e1ca188f)
 - private final 'environment' 'Lorg/springframework/core/env/Environment;' @24  a 'org/springframework/boot/web/servlet/context/ApplicationServletEnvironment'{0x000000070e9dcbf8} (e1d3b97f)
 - private final 'resourceLoader' 'Lorg/springframework/core/io/ResourceLoader;' @28  a 'org/springframework/boot/web/servlet/context/AnnotationConfigServletWebServerApplicationContext'{0x000000070e63d3f8} (e1cc7a7f)
 - private final 'propertySourceRegistry' 'Lorg/springframework/context/annotation/PropertySourceRegistry;' @32  a 'org/springframework/context/annotation/PropertySourceRegistry'{0x000000070e2554b0} (e1c4aa96)
 - private final 'registry' 'Lorg/springframework/beans/factory/support/BeanDefinitionRegistry;' @36  a 'org/springframework/beans/factory/support/DefaultListableBeanFactory'{0x000000070e800de8} (e1d001bd)
 - private final 'componentScanParser' 'Lorg/springframework/context/annotation/ComponentScanAnnotationParser;' @40  a 'org/springframework/context/annotation/ComponentScanAnnotationParser'{0x000000070e2287e8} (e1c450fd)
 - private final 'conditionEvaluator' 'Lorg/springframework/context/annotation/ConditionEvaluator;' @44  a 'org/springframework/context/annotation/ConditionEvaluator'{0x000000070e2287b8} (e1c450f7)
 - private final 'configurationClasses' 'Ljava/util/Map;' @48  a 'java/util/LinkedHashMap'{0x000000070e206970} (e1c40d2e)
 - private final 'knownSuperclasses' 'Ljava/util/Map;' @52  a 'java/util/HashMap'{0x000000070e204ba0} (e1c40974)
 - private final 'importStack' 'Lorg/springframework/context/annotation/ConfigurationClassParser$ImportStack;' @56  a 'org/springframework/context/annotation/ConfigurationClassParser$ImportStack'{0x000000070e226ad8} (e1c44d5b)
 - private final 'deferredImportSelectorHandler' 'Lorg/springframework/context/annotation/ConfigurationClassParser$DeferredImportSelectorHandler;' @60  a 'org/springframework/context/annotation/ConfigurationClassParser$DeferredImportSelectorHandler'{0x000000070e800cc8} (e1d00199)
 - private final 'objectSourceClass' 'Lorg/springframework/context/annotation/ConfigurationClassParser$SourceClass;' @64  a 'org/springframework/context/annotation/ConfigurationClassParser$SourceClass'{0x000000070e204870} (e1c4090e)


---------------  P R O C E S S  ---------------

Threads class SMR info:
_java_thread_list=0x00000279a154c590, length=15, elements={
0x00000279fae86790, 0x00000279fea33d60, 0x00000279fea35a80, 0x00000279fea45d10,
0x00000279fea467d0, 0x00000279fea49190, 0x00000279fea4af50, 0x00000279fea4e8d0,
0x00000279fea4f280, 0x00000279fea4fc70, 0x00000279fecda570, 0x00000279a08fe640,
0x00000279a08feb10, 0x00000279a141b490, 0x00000279a1729fe0
}

Java Threads: ( => current thread )
  0x00000279fae86790 JavaThread "main" [_thread_blocked, id=2896, stack(0x000000dd36400000,0x000000dd36500000)]
  0x00000279fea33d60 JavaThread "Reference Handler" daemon [_thread_blocked, id=37208, stack(0x000000dd36b00000,0x000000dd36c00000)]
  0x00000279fea35a80 JavaThread "Finalizer" daemon [_thread_blocked, id=37712, stack(0x000000dd36c00000,0x000000dd36d00000)]
  0x00000279fea45d10 JavaThread "Signal Dispatcher" daemon [_thread_blocked, id=38232, stack(0x000000dd36d00000,0x000000dd36e00000)]
  0x00000279fea467d0 JavaThread "Attach Listener" daemon [_thread_blocked, id=35504, stack(0x000000dd36e00000,0x000000dd36f00000)]
  0x00000279fea49190 JavaThread "Service Thread" daemon [_thread_blocked, id=35400, stack(0x000000dd36f00000,0x000000dd37000000)]
  0x00000279fea4af50 JavaThread "Monitor Deflation Thread" daemon [_thread_blocked, id=36616, stack(0x000000dd37000000,0x000000dd37100000)]
  0x00000279fea4e8d0 JavaThread "C2 CompilerThread0" daemon [_thread_blocked, id=38832, stack(0x000000dd37100000,0x000000dd37200000)]
  0x00000279fea4f280 JavaThread "C1 CompilerThread0" daemon [_thread_blocked, id=26752, stack(0x000000dd37200000,0x000000dd37300000)]
  0x00000279fea4fc70 JavaThread "Sweeper thread" daemon [_thread_blocked, id=38172, stack(0x000000dd37300000,0x000000dd37400000)]
  0x00000279fecda570 JavaThread "Common-Cleaner" daemon [_thread_blocked, id=38108, stack(0x000000dd37400000,0x000000dd37500000)]
  0x00000279a08fe640 JavaThread "Monitor Ctrl-Break" daemon [_thread_in_native, id=38820, stack(0x000000dd37600000,0x000000dd37700000)]
  0x00000279a08feb10 JavaThread "Notification Thread" daemon [_thread_blocked, id=38136, stack(0x000000dd37700000,0x000000dd37800000)]
  0x00000279a141b490 JavaThread "Keep-Alive-Timer" daemon [_thread_blocked, id=34772, stack(0x000000dd37500000,0x000000dd37600000)]
  0x00000279a1729fe0 JavaThread "C2 CompilerThread1" daemon [_thread_blocked, id=10600, stack(0x000000dd37d00000,0x000000dd37e00000)]

Other Threads:
  0x00000279fea2e950 VMThread "VM Thread" [stack: 0x000000dd36a00000,0x000000dd36b00000] [id=35084]
  0x00000279faf0d030 WatcherThread [stack: 0x000000dd37800000,0x000000dd37900000] [id=37212]
  0x00000279faef3840 GCTaskThread "GC Thread#0" [stack: 0x000000dd36500000,0x000000dd36600000] [id=38884]
=>0x00000279a08f3f10 GCTaskThread "GC Thread#1" [stack: 0x000000dd37900000,0x000000dd37a00000] [id=36980]
  0x00000279a08fefe0 GCTaskThread "GC Thread#2" [stack: 0x000000dd37a00000,0x000000dd37b00000] [id=33112]
  0x00000279fee0a090 GCTaskThread "GC Thread#3" [stack: 0x000000dd37b00000,0x000000dd37c00000] [id=36664]
  0x00000279faf04ce0 ConcurrentGCThread "G1 Main Marker" [stack: 0x000000dd36600000,0x000000dd36700000] [id=36784]
  0x00000279faf06300 ConcurrentGCThread "G1 Conc#0" [stack: 0x000000dd36700000,0x000000dd36800000] [id=35032]
  0x00000279fe967410 ConcurrentGCThread "G1 Refine#0" [stack: 0x000000dd36800000,0x000000dd36900000] [id=38552]
  0x00000279fe967e30 ConcurrentGCThread "G1 Service" [stack: 0x000000dd36900000,0x000000dd36a00000] [id=37828]

Threads with active compile tasks:
C2 CompilerThread0     6389 2927       4       java.util.function.BiPredicate$$Lambda$102/0x0000000800cc1fe8::test (16 bytes)
C2 CompilerThread1     6389 2906       4       java.net.URLStreamHandler::parseURL (1201 bytes)

VM state: at safepoint (normal execution)

VM Mutex/Monitor currently owned by a thread:  ([mutex/lock_event])
[0x00000279fae82fc0] Threads_lock - owner thread: 0x00000279fea2e950
[0x00000279fae81c10] Heap_lock - owner thread: 0x00000279fae86790

Heap address: 0x0000000702a00000, size: 4054 MB, Compressed Oops mode: Zero based, Oop shift amount: 3

CDS archive(s) mapped at: [0x0000000800000000-0x0000000800bc0000-0x0000000800bc0000), size 12320768, SharedBaseAddress: 0x0000000800000000, ArchiveRelocationMode: 0.
Compressed class space mapped at: 0x0000000800c00000-0x0000000840c00000, reserved size: 1073741824
Narrow klass base: 0x0000000800000000, Narrow klass shift: 0, Narrow klass range: 0x100000000

GC Precious Log:
 CPUs: 4 total, 4 available
 Memory: 16208M
 Large Page Support: Disabled
 NUMA Support: Disabled
 Compressed Oops: Enabled (Zero based)
 Heap Region Size: 2M
 Heap Min Capacity: 8M
 Heap Initial Capacity: 254M
 Heap Max Capacity: 4054M
 Pre-touch: Disabled
 Parallel Workers: 4
 Concurrent Workers: 1
 Concurrent Refinement Workers: 4
 Periodic GC: Disabled

Heap:
 garbage-first heap   total 260096K, used 69891K [0x0000000702a00000, 0x0000000800000000)
  region size 2048K, 33 young (67584K), 4 survivors (8192K)
 Metaspace       used 21275K, committed 21504K, reserved 1073152K
  class space    used 2589K, committed 2688K, reserved 1048576K

Heap Regions: E=young(eden), S=young(survivor), O=old, HS=humongous(starts), HC=humongous(continues), CS=collection set, F=free, OA=open archive, CA=closed archive, TAMS=top-at-mark-start (previous, next)
|   0|0x0000000702a00000, 0x0000000702c00000, 0x0000000702c00000|100%| O|  |TAMS 0x0000000702a00000, 0x0000000702c00000| Untracked 
|   1|0x0000000702c00000, 0x0000000702e00000, 0x0000000702e00000|100%| O|  |TAMS 0x0000000702c00000, 0x0000000702e00000| Untracked 
|   2|0x0000000702e00000, 0x0000000703000000, 0x0000000703000000|100%| O|  |TAMS 0x0000000702e00000, 0x0000000703000000| Untracked 
|   3|0x0000000703000000, 0x000000070312d000, 0x0000000703200000| 58%| O|  |TAMS 0x0000000703000000, 0x000000070312d000| Untracked 
|   4|0x0000000703200000, 0x0000000703200000, 0x0000000703400000|  0%| F|  |TAMS 0x0000000703200000, 0x0000000703200000| Untracked 
|   5|0x0000000703400000, 0x0000000703400000, 0x0000000703600000|  0%| F|  |TAMS 0x0000000703400000, 0x0000000703400000| Untracked 
|   6|0x0000000703600000, 0x0000000703600000, 0x0000000703800000|  0%| F|  |TAMS 0x0000000703600000, 0x0000000703600000| Untracked 
|   7|0x0000000703800000, 0x0000000703800000, 0x0000000703a00000|  0%| F|  |TAMS 0x0000000703800000, 0x0000000703800000| Untracked 
|   8|0x0000000703a00000, 0x0000000703a00000, 0x0000000703c00000|  0%| F|  |TAMS 0x0000000703a00000, 0x0000000703a00000| Untracked 
|   9|0x0000000703c00000, 0x0000000703c00000, 0x0000000703e00000|  0%| F|  |TAMS 0x0000000703c00000, 0x0000000703c00000| Untracked 
|  10|0x0000000703e00000, 0x0000000703e00000, 0x0000000704000000|  0%| F|  |TAMS 0x0000000703e00000, 0x0000000703e00000| Untracked 
|  11|0x0000000704000000, 0x0000000704000000, 0x0000000704200000|  0%| F|  |TAMS 0x0000000704000000, 0x0000000704000000| Untracked 
|  12|0x0000000704200000, 0x0000000704200000, 0x0000000704400000|  0%| F|  |TAMS 0x0000000704200000, 0x0000000704200000| Untracked 
|  13|0x0000000704400000, 0x0000000704400000, 0x0000000704600000|  0%| F|  |TAMS 0x0000000704400000, 0x0000000704400000| Untracked 
|  14|0x0000000704600000, 0x0000000704600000, 0x0000000704800000|  0%| F|  |TAMS 0x0000000704600000, 0x0000000704600000| Untracked 
|  15|0x0000000704800000, 0x0000000704800000, 0x0000000704a00000|  0%| F|  |TAMS 0x0000000704800000, 0x0000000704800000| Untracked 
|  16|0x0000000704a00000, 0x0000000704a00000, 0x0000000704c00000|  0%| F|  |TAMS 0x0000000704a00000, 0x0000000704a00000| Untracked 
|  17|0x0000000704c00000, 0x0000000704c00000, 0x0000000704e00000|  0%| F|  |TAMS 0x0000000704c00000, 0x0000000704c00000| Untracked 
|  18|0x0000000704e00000, 0x0000000704e00000, 0x0000000705000000|  0%| F|  |TAMS 0x0000000704e00000, 0x0000000704e00000| Untracked 
|  19|0x0000000705000000, 0x0000000705000000, 0x0000000705200000|  0%| F|  |TAMS 0x0000000705000000, 0x0000000705000000| Untracked 
|  20|0x0000000705200000, 0x0000000705200000, 0x0000000705400000|  0%| F|  |TAMS 0x0000000705200000, 0x0000000705200000| Untracked 
|  21|0x0000000705400000, 0x0000000705400000, 0x0000000705600000|  0%| F|  |TAMS 0x0000000705400000, 0x0000000705400000| Untracked 
|  22|0x0000000705600000, 0x0000000705600000, 0x0000000705800000|  0%| F|  |TAMS 0x0000000705600000, 0x0000000705600000| Untracked 
|  23|0x0000000705800000, 0x0000000705800000, 0x0000000705a00000|  0%| F|  |TAMS 0x0000000705800000, 0x0000000705800000| Untracked 
|  24|0x0000000705a00000, 0x0000000705a00000, 0x0000000705c00000|  0%| F|  |TAMS 0x0000000705a00000, 0x0000000705a00000| Untracked 
|  25|0x0000000705c00000, 0x0000000705c00000, 0x0000000705e00000|  0%| F|  |TAMS 0x0000000705c00000, 0x0000000705c00000| Untracked 
|  26|0x0000000705e00000, 0x0000000705e00000, 0x0000000706000000|  0%| F|  |TAMS 0x0000000705e00000, 0x0000000705e00000| Untracked 
|  27|0x0000000706000000, 0x0000000706000000, 0x0000000706200000|  0%| F|  |TAMS 0x0000000706000000, 0x0000000706000000| Untracked 
|  28|0x0000000706200000, 0x0000000706200000, 0x0000000706400000|  0%| F|  |TAMS 0x0000000706200000, 0x0000000706200000| Untracked 
|  29|0x0000000706400000, 0x0000000706400000, 0x0000000706600000|  0%| F|  |TAMS 0x0000000706400000, 0x0000000706400000| Untracked 
|  30|0x0000000706600000, 0x0000000706600000, 0x0000000706800000|  0%| F|  |TAMS 0x0000000706600000, 0x0000000706600000| Untracked 
|  31|0x0000000706800000, 0x0000000706800000, 0x0000000706a00000|  0%| F|  |TAMS 0x0000000706800000, 0x0000000706800000| Untracked 
|  32|0x0000000706a00000, 0x0000000706a00000, 0x0000000706c00000|  0%| F|  |TAMS 0x0000000706a00000, 0x0000000706a00000| Untracked 
|  33|0x0000000706c00000, 0x0000000706c00000, 0x0000000706e00000|  0%| F|  |TAMS 0x0000000706c00000, 0x0000000706c00000| Untracked 
|  34|0x0000000706e00000, 0x0000000706e00000, 0x0000000707000000|  0%| F|  |TAMS 0x0000000706e00000, 0x0000000706e00000| Untracked 
|  35|0x0000000707000000, 0x0000000707000000, 0x0000000707200000|  0%| F|  |TAMS 0x0000000707000000, 0x0000000707000000| Untracked 
|  36|0x0000000707200000, 0x0000000707200000, 0x0000000707400000|  0%| F|  |TAMS 0x0000000707200000, 0x0000000707200000| Untracked 
|  37|0x0000000707400000, 0x0000000707400000, 0x0000000707600000|  0%| F|  |TAMS 0x0000000707400000, 0x0000000707400000| Untracked 
|  38|0x0000000707600000, 0x0000000707600000, 0x0000000707800000|  0%| F|  |TAMS 0x0000000707600000, 0x0000000707600000| Untracked 
|  39|0x0000000707800000, 0x0000000707800000, 0x0000000707a00000|  0%| F|  |TAMS 0x0000000707800000, 0x0000000707800000| Untracked 
|  40|0x0000000707a00000, 0x0000000707a00000, 0x0000000707c00000|  0%| F|  |TAMS 0x0000000707a00000, 0x0000000707a00000| Untracked 
|  41|0x0000000707c00000, 0x0000000707c00000, 0x0000000707e00000|  0%| F|  |TAMS 0x0000000707c00000, 0x0000000707c00000| Untracked 
|  42|0x0000000707e00000, 0x0000000707e00000, 0x0000000708000000|  0%| F|  |TAMS 0x0000000707e00000, 0x0000000707e00000| Untracked 
|  43|0x0000000708000000, 0x0000000708000000, 0x0000000708200000|  0%| F|  |TAMS 0x0000000708000000, 0x0000000708000000| Untracked 
|  44|0x0000000708200000, 0x0000000708200000, 0x0000000708400000|  0%| F|  |TAMS 0x0000000708200000, 0x0000000708200000| Untracked 
|  45|0x0000000708400000, 0x0000000708400000, 0x0000000708600000|  0%| F|  |TAMS 0x0000000708400000, 0x0000000708400000| Untracked 
|  46|0x0000000708600000, 0x0000000708600000, 0x0000000708800000|  0%| F|  |TAMS 0x0000000708600000, 0x0000000708600000| Untracked 
|  47|0x0000000708800000, 0x0000000708800000, 0x0000000708a00000|  0%| F|  |TAMS 0x0000000708800000, 0x0000000708800000| Untracked 
|  48|0x0000000708a00000, 0x0000000708a00000, 0x0000000708c00000|  0%| F|  |TAMS 0x0000000708a00000, 0x0000000708a00000| Untracked 
|  49|0x0000000708c00000, 0x0000000708c00000, 0x0000000708e00000|  0%| F|  |TAMS 0x0000000708c00000, 0x0000000708c00000| Untracked 
|  50|0x0000000708e00000, 0x0000000708e00000, 0x0000000709000000|  0%| F|  |TAMS 0x0000000708e00000, 0x0000000708e00000| Untracked 
|  51|0x0000000709000000, 0x0000000709000000, 0x0000000709200000|  0%| F|  |TAMS 0x0000000709000000, 0x0000000709000000| Untracked 
|  52|0x0000000709200000, 0x0000000709200000, 0x0000000709400000|  0%| F|  |TAMS 0x0000000709200000, 0x0000000709200000| Untracked 
|  53|0x0000000709400000, 0x0000000709400000, 0x0000000709600000|  0%| F|  |TAMS 0x0000000709400000, 0x0000000709400000| Untracked 
|  54|0x0000000709600000, 0x0000000709600000, 0x0000000709800000|  0%| F|  |TAMS 0x0000000709600000, 0x0000000709600000| Untracked 
|  55|0x0000000709800000, 0x0000000709800000, 0x0000000709a00000|  0%| F|  |TAMS 0x0000000709800000, 0x0000000709800000| Untracked 
|  56|0x0000000709a00000, 0x0000000709a00000, 0x0000000709c00000|  0%| F|  |TAMS 0x0000000709a00000, 0x0000000709a00000| Untracked 
|  57|0x0000000709c00000, 0x0000000709c00000, 0x0000000709e00000|  0%| F|  |TAMS 0x0000000709c00000, 0x0000000709c00000| Untracked 
|  58|0x0000000709e00000, 0x0000000709e00000, 0x000000070a000000|  0%| F|  |TAMS 0x0000000709e00000, 0x0000000709e00000| Untracked 
|  59|0x000000070a000000, 0x000000070a000000, 0x000000070a200000|  0%| F|  |TAMS 0x000000070a000000, 0x000000070a000000| Untracked 
|  60|0x000000070a200000, 0x000000070a200000, 0x000000070a400000|  0%| F|  |TAMS 0x000000070a200000, 0x000000070a200000| Untracked 
|  61|0x000000070a400000, 0x000000070a400000, 0x000000070a600000|  0%| F|  |TAMS 0x000000070a400000, 0x000000070a400000| Untracked 
|  62|0x000000070a600000, 0x000000070a600000, 0x000000070a800000|  0%| F|  |TAMS 0x000000070a600000, 0x000000070a600000| Untracked 
|  63|0x000000070a800000, 0x000000070a800000, 0x000000070aa00000|  0%| F|  |TAMS 0x000000070a800000, 0x000000070a800000| Untracked 
|  64|0x000000070aa00000, 0x000000070aa00000, 0x000000070ac00000|  0%| F|  |TAMS 0x000000070aa00000, 0x000000070aa00000| Untracked 
|  65|0x000000070ac00000, 0x000000070ac00000, 0x000000070ae00000|  0%| F|  |TAMS 0x000000070ac00000, 0x000000070ac00000| Untracked 
|  66|0x000000070ae00000, 0x000000070ae00000, 0x000000070b000000|  0%| F|  |TAMS 0x000000070ae00000, 0x000000070ae00000| Untracked 
|  67|0x000000070b000000, 0x000000070b000000, 0x000000070b200000|  0%| F|  |TAMS 0x000000070b000000, 0x000000070b000000| Untracked 
|  68|0x000000070b200000, 0x000000070b200000, 0x000000070b400000|  0%| F|  |TAMS 0x000000070b200000, 0x000000070b200000| Untracked 
|  69|0x000000070b400000, 0x000000070b400000, 0x000000070b600000|  0%| F|  |TAMS 0x000000070b400000, 0x000000070b400000| Untracked 
|  70|0x000000070b600000, 0x000000070b600000, 0x000000070b800000|  0%| F|  |TAMS 0x000000070b600000, 0x000000070b600000| Untracked 
|  71|0x000000070b800000, 0x000000070b800000, 0x000000070ba00000|  0%| F|  |TAMS 0x000000070b800000, 0x000000070b800000| Untracked 
|  72|0x000000070ba00000, 0x000000070ba00000, 0x000000070bc00000|  0%| F|  |TAMS 0x000000070ba00000, 0x000000070ba00000| Untracked 
|  73|0x000000070bc00000, 0x000000070bc00000, 0x000000070be00000|  0%| F|  |TAMS 0x000000070bc00000, 0x000000070bc00000| Untracked 
|  74|0x000000070be00000, 0x000000070be00000, 0x000000070c000000|  0%| F|  |TAMS 0x000000070be00000, 0x000000070be00000| Untracked 
|  75|0x000000070c000000, 0x000000070c000000, 0x000000070c200000|  0%| F|  |TAMS 0x000000070c000000, 0x000000070c000000| Untracked 
|  76|0x000000070c200000, 0x000000070c200000, 0x000000070c400000|  0%| F|  |TAMS 0x000000070c200000, 0x000000070c200000| Untracked 
|  77|0x000000070c400000, 0x000000070c400000, 0x000000070c600000|  0%| F|  |TAMS 0x000000070c400000, 0x000000070c400000| Untracked 
|  78|0x000000070c600000, 0x000000070c600000, 0x000000070c800000|  0%| F|  |TAMS 0x000000070c600000, 0x000000070c600000| Untracked 
|  79|0x000000070c800000, 0x000000070c800000, 0x000000070ca00000|  0%| F|  |TAMS 0x000000070c800000, 0x000000070c800000| Untracked 
|  80|0x000000070ca00000, 0x000000070ca00000, 0x000000070cc00000|  0%| F|  |TAMS 0x000000070ca00000, 0x000000070ca00000| Untracked 
|  81|0x000000070cc00000, 0x000000070cc00000, 0x000000070ce00000|  0%| F|  |TAMS 0x000000070cc00000, 0x000000070cc00000| Untracked 
|  82|0x000000070ce00000, 0x000000070ce00000, 0x000000070d000000|  0%| F|  |TAMS 0x000000070ce00000, 0x000000070ce00000| Untracked 
|  83|0x000000070d000000, 0x000000070d000000, 0x000000070d200000|  0%| F|  |TAMS 0x000000070d000000, 0x000000070d000000| Untracked 
|  84|0x000000070d200000, 0x000000070d200000, 0x000000070d400000|  0%| F|  |TAMS 0x000000070d200000, 0x000000070d200000| Untracked 
|  85|0x000000070d400000, 0x000000070d400000, 0x000000070d600000|  0%| F|  |TAMS 0x000000070d400000, 0x000000070d400000| Untracked 
|  86|0x000000070d600000, 0x000000070d600000, 0x000000070d800000|  0%| F|  |TAMS 0x000000070d600000, 0x000000070d600000| Untracked 
|  87|0x000000070d800000, 0x000000070d800000, 0x000000070da00000|  0%| F|  |TAMS 0x000000070d800000, 0x000000070d800000| Untracked 
|  88|0x000000070da00000, 0x000000070da00000, 0x000000070dc00000|  0%| F|  |TAMS 0x000000070da00000, 0x000000070da00000| Untracked 
|  89|0x000000070dc00000, 0x000000070dc00000, 0x000000070de00000|  0%| F|  |TAMS 0x000000070dc00000, 0x000000070dc00000| Untracked 
|  90|0x000000070de00000, 0x000000070de00000, 0x000000070e000000|  0%| F|  |TAMS 0x000000070de00000, 0x000000070de00000| Untracked 
|  91|0x000000070e000000, 0x000000070e000000, 0x000000070e200000|  0%| F|  |TAMS 0x000000070e000000, 0x000000070e000000| Untracked 
|  92|0x000000070e200000, 0x000000070e33c4a0, 0x000000070e400000| 61%| S|  |TAMS 0x000000070e200000, 0x000000070e200000| Complete 
|  93|0x000000070e400000, 0x000000070e600000, 0x000000070e600000|100%| S|  |TAMS 0x000000070e400000, 0x000000070e400000| Complete 
|  94|0x000000070e600000, 0x000000070e800000, 0x000000070e800000|100%| S|  |TAMS 0x000000070e600000, 0x000000070e600000| Complete 
|  95|0x000000070e800000, 0x000000070ea00000, 0x000000070ea00000|100%| S|  |TAMS 0x000000070e800000, 0x000000070e800000| Complete 
|  96|0x000000070ea00000, 0x000000070ec00000, 0x000000070ec00000|100%| E|CS|TAMS 0x000000070ea00000, 0x000000070ec00000| Complete 
|  97|0x000000070ec00000, 0x000000070ee00000, 0x000000070ee00000|100%| E|CS|TAMS 0x000000070ec00000, 0x000000070ee00000| Complete 
|  98|0x000000070ee00000, 0x000000070f000000, 0x000000070f000000|100%| E|CS|TAMS 0x000000070ee00000, 0x000000070f000000| Complete 
|  99|0x000000070f000000, 0x000000070f200000, 0x000000070f200000|100%| E|CS|TAMS 0x000000070f000000, 0x000000070f200000| Complete 
| 100|0x000000070f200000, 0x000000070f400000, 0x000000070f400000|100%| E|CS|TAMS 0x000000070f200000, 0x000000070f400000| Complete 
| 101|0x000000070f400000, 0x000000070f600000, 0x000000070f600000|100%| E|CS|TAMS 0x000000070f400000, 0x000000070f600000| Complete 
| 102|0x000000070f600000, 0x000000070f800000, 0x000000070f800000|100%| E|CS|TAMS 0x000000070f600000, 0x000000070f800000| Complete 
| 103|0x000000070f800000, 0x000000070fa00000, 0x000000070fa00000|100%| E|CS|TAMS 0x000000070f800000, 0x000000070fa00000| Complete 
| 104|0x000000070fa00000, 0x000000070fc00000, 0x000000070fc00000|100%| E|CS|TAMS 0x000000070fa00000, 0x000000070fc00000| Complete 
| 105|0x000000070fc00000, 0x000000070fe00000, 0x000000070fe00000|100%| E|CS|TAMS 0x000000070fc00000, 0x000000070fe00000| Complete 
| 106|0x000000070fe00000, 0x0000000710000000, 0x0000000710000000|100%| E|CS|TAMS 0x000000070fe00000, 0x0000000710000000| Complete 
| 107|0x0000000710000000, 0x0000000710200000, 0x0000000710200000|100%| E|CS|TAMS 0x0000000710000000, 0x0000000710200000| Complete 
| 108|0x0000000710200000, 0x0000000710400000, 0x0000000710400000|100%| E|CS|TAMS 0x0000000710200000, 0x0000000710400000| Complete 
| 109|0x0000000710400000, 0x0000000710600000, 0x0000000710600000|100%| E|CS|TAMS 0x0000000710400000, 0x0000000710600000| Complete 
| 110|0x0000000710600000, 0x0000000710800000, 0x0000000710800000|100%| E|CS|TAMS 0x0000000710600000, 0x0000000710800000| Complete 
| 111|0x0000000710800000, 0x0000000710a00000, 0x0000000710a00000|100%| E|CS|TAMS 0x0000000710800000, 0x0000000710a00000| Complete 
| 112|0x0000000710a00000, 0x0000000710c00000, 0x0000000710c00000|100%| E|CS|TAMS 0x0000000710a00000, 0x0000000710c00000| Complete 
| 113|0x0000000710c00000, 0x0000000710d13dc0, 0x0000000710e00000| 53%| E|CS|TAMS 0x0000000710c00000, 0x0000000710d13dc0| Complete 
| 114|0x0000000710e00000, 0x0000000711000000, 0x0000000711000000|100%| E|CS|TAMS 0x0000000710e00000, 0x0000000711000000| Complete 
| 115|0x0000000711000000, 0x0000000711200000, 0x0000000711200000|100%| E|CS|TAMS 0x0000000711000000, 0x0000000711200000| Complete 
| 116|0x0000000711200000, 0x0000000711400000, 0x0000000711400000|100%| E|CS|TAMS 0x0000000711200000, 0x0000000711400000| Complete 
| 117|0x0000000711400000, 0x0000000711600000, 0x0000000711600000|100%| E|CS|TAMS 0x0000000711400000, 0x0000000711600000| Complete 
| 118|0x0000000711600000, 0x0000000711800000, 0x0000000711800000|100%| E|CS|TAMS 0x0000000711600000, 0x0000000711800000| Complete 
| 119|0x0000000711800000, 0x0000000711a00000, 0x0000000711a00000|100%| E|CS|TAMS 0x0000000711800000, 0x0000000711a00000| Complete 
| 120|0x0000000711a00000, 0x0000000711c00000, 0x0000000711c00000|100%| E|CS|TAMS 0x0000000711a00000, 0x0000000711c00000| Complete 
| 121|0x0000000711c00000, 0x0000000711e00000, 0x0000000711e00000|100%| E|CS|TAMS 0x0000000711c00000, 0x0000000711e00000| Complete 
| 122|0x0000000711e00000, 0x0000000712000000, 0x0000000712000000|100%| E|CS|TAMS 0x0000000711e00000, 0x0000000712000000| Complete 
| 123|0x0000000712000000, 0x0000000712200000, 0x0000000712200000|100%| E|CS|TAMS 0x0000000712000000, 0x0000000712200000| Complete 
| 124|0x0000000712200000, 0x0000000712400000, 0x0000000712400000|100%| E|CS|TAMS 0x0000000712200000, 0x0000000712400000| Complete 
| 125|0x0000000712400000, 0x0000000712600000, 0x0000000712600000|100%| E|CS|TAMS 0x0000000712400000, 0x0000000712600000| Complete 
| 126|0x0000000712600000, 0x0000000712800000, 0x0000000712800000|100%| E|CS|TAMS 0x0000000712600000, 0x0000000712800000| Complete 

Card table byte_map: [0x00000279fd530000,0x00000279fdd20000] _byte_map_base: 0x00000279f9d1b000

Marking Bits (Prev, Next): (CMBitMap*) 0x00000279faef3e50, (CMBitMap*) 0x00000279faef3e90
 Prev Bits: [0x00000279967a0000, 0x000002799a6f8000)
 Next Bits: [0x000002799a700000, 0x000002799e658000)

Polling page: 0x00000279faf30000

Metaspace:

Usage:
  Non-class:     18.25 MB used.
      Class:      2.53 MB used.
       Both:     20.78 MB used.

Virtual space:
  Non-class space:       24.00 MB reserved,      18.38 MB ( 77%) committed,  3 nodes.
      Class space:        1.00 GB reserved,       2.62 MB ( <1%) committed,  1 nodes.
             Both:        1.02 GB reserved,      21.00 MB (  2%) committed. 

Chunk freelists:
   Non-Class:  1.53 MB
       Class:  1.38 MB
        Both:  2.91 MB

MaxMetaspaceSize: unlimited
CompressedClassSpaceSize: 1.00 GB
Initial GC threshold: 21.00 MB
Current GC threshold: 21.00 MB
CDS: on
MetaspaceReclaimPolicy: balanced
 - commit_granule_bytes: 65536.
 - commit_granule_words: 8192.
 - virtual_space_node_default_size: 1048576.
 - enlarge_chunks_in_place: 1.
 - new_chunks_are_fully_committed: 0.
 - uncommit_free_chunks: 1.
 - use_allocation_guard: 0.
 - handle_deallocations: 1.


Internal statistics:

num_allocs_failed_limit: 3.
num_arena_births: 266.
num_arena_deaths: 0.
num_vsnodes_births: 4.
num_vsnodes_deaths: 0.
num_space_committed: 336.
num_space_uncommitted: 0.
num_chunks_returned_to_freelist: 3.
num_chunks_taken_from_freelist: 978.
num_chunk_merges: 3.
num_chunk_splits: 679.
num_chunks_enlarged: 536.
num_purges: 0.
num_inconsistent_stats: 0.

CodeHeap 'non-profiled nmethods': size=120000Kb used=1428Kb max_used=1428Kb free=118571Kb
 bounds [0x000002798f270000, 0x000002798f4e0000, 0x00000279967a0000]
CodeHeap 'profiled nmethods': size=120000Kb used=6160Kb max_used=6160Kb free=113839Kb
 bounds [0x0000027987d40000, 0x0000027988350000, 0x000002798f270000]
CodeHeap 'non-nmethods': size=5760Kb used=1206Kb max_used=1255Kb free=4553Kb
 bounds [0x00000279877a0000, 0x0000027987a10000, 0x0000027987d40000]
 total_blobs=3464 nmethods=2958 adapters=418
 compilation: enabled
              stopped_count=0, restarted_count=0
 full_count=0

Compilation events (20 events):
Event: 6.180 Thread 0x00000279fea4f280 2963       3       org.springframework.core.annotation.MergedAnnotations::from (10 bytes)
Event: 6.180 Thread 0x00000279fea4f280 nmethod 2963 0x000002798833fb90 code [0x000002798833fd20, 0x000002798833fe48]
Event: 6.180 Thread 0x00000279fea4f280 2964       3       org.springframework.core.annotation.MergedAnnotations::from (11 bytes)
Event: 6.180 Thread 0x00000279fea4f280 nmethod 2964 0x000002798833ff10 code [0x00000279883400a0, 0x00000279883401c8]
Event: 6.180 Thread 0x00000279fea4f280 2962       3       java.lang.Long::bitCount (61 bytes)
Event: 6.180 Thread 0x00000279fea4f280 nmethod 2962 0x0000027988340290 code [0x0000027988340420, 0x0000027988340598]
Event: 6.181 Thread 0x00000279fea4f280 2965       3       jdk.internal.loader.URLClassPath$FileLoader::findResource (18 bytes)
Event: 6.181 Thread 0x00000279fea4f280 nmethod 2965 0x0000027988340610 code [0x00000279883407c0, 0x0000027988340a38]
Event: 6.183 Thread 0x00000279fea4f280 2966       3       org.springframework.core.annotation.TypeMappedAnnotations::get (52 bytes)
Event: 6.184 Thread 0x00000279fea4f280 nmethod 2966 0x0000027988340b10 code [0x0000027988340d20, 0x0000027988341388]
Event: 6.184 Thread 0x00000279fea4f280 2967       3       org.springframework.util.MultiValueMapAdapter$$Lambda$47/0x0000000800c3a120::apply (5 bytes)
Event: 6.184 Thread 0x00000279fea4f280 nmethod 2967 0x0000027988341590 code [0x0000027988341740, 0x0000027988341948]
Event: 6.184 Thread 0x00000279fea4f280 2968       3       org.springframework.util.MultiValueMapAdapter::lambda$add$0 (9 bytes)
Event: 6.184 Thread 0x00000279fea4f280 nmethod 2968 0x0000027988341a10 code [0x0000027988341bc0, 0x0000027988341d48]
Event: 6.184 Thread 0x00000279fea4f280 2969   !   3       org.springframework.boot.autoconfigure.condition.ConditionEvaluationReport::get (68 bytes)
Event: 6.185 Thread 0x00000279fea4f280 nmethod 2969 0x0000027988341e10 code [0x0000027988342140, 0x0000027988343638]
Event: 6.187 Thread 0x00000279fea4f280 2970       1       org.springframework.core.annotation.AnnotationTypeMapping::getAnnotation (5 bytes)
Event: 6.187 Thread 0x00000279fea4f280 nmethod 2970 0x000002798f3d5010 code [0x000002798f3d51a0, 0x000002798f3d5278]
Event: 6.189 Thread 0x00000279fea4f280 2971       3       java.io.OutputStream::flush (1 bytes)
Event: 6.189 Thread 0x00000279fea4f280 nmethod 2971 0x0000027988343f10 code [0x00000279883440a0, 0x00000279883441b8]

GC Heap History (7 events):
Event: 0.374 GC heap before
{Heap before GC invocations=0 (full 0):
 garbage-first heap   total 260096K, used 10240K [0x0000000702a00000, 0x0000000800000000)
  region size 2048K, 6 young (12288K), 0 survivors (0K)
 Metaspace       used 1016K, committed 1152K, reserved 1056768K
  class space    used 73K, committed 128K, reserved 1048576K
}
Event: 0.378 GC heap after
{Heap after GC invocations=1 (full 0):
 garbage-first heap   total 260096K, used 7357K [0x0000000702a00000, 0x0000000800000000)
  region size 2048K, 1 young (2048K), 1 survivors (2048K)
 Metaspace       used 1016K, committed 1152K, reserved 1056768K
  class space    used 73K, committed 128K, reserved 1048576K
}
Event: 0.785 GC heap before
{Heap before GC invocations=1 (full 0):
 garbage-first heap   total 260096K, used 17597K [0x0000000702a00000, 0x0000000800000000)
  region size 2048K, 6 young (12288K), 1 survivors (2048K)
 Metaspace       used 4652K, committed 4800K, reserved 1056768K
  class space    used 512K, committed 576K, reserved 1048576K
}
Event: 0.788 GC heap after
{Heap after GC invocations=2 (full 0):
 garbage-first heap   total 260096K, used 8621K [0x0000000702a00000, 0x0000000800000000)
  region size 2048K, 1 young (2048K), 1 survivors (2048K)
 Metaspace       used 4652K, committed 4800K, reserved 1056768K
  class space    used 512K, committed 576K, reserved 1048576K
}
Event: 1.458 GC heap before
{Heap before GC invocations=2 (full 0):
 garbage-first heap   total 260096K, used 31149K [0x0000000702a00000, 0x0000000800000000)
  region size 2048K, 12 young (24576K), 1 survivors (2048K)
 Metaspace       used 10302K, committed 10560K, reserved 1064960K
  class space    used 1237K, committed 1344K, reserved 1048576K
}
Event: 1.462 GC heap after
{Heap after GC invocations=3 (full 0):
 garbage-first heap   total 260096K, used 10499K [0x0000000702a00000, 0x0000000800000000)
  region size 2048K, 2 young (4096K), 2 survivors (4096K)
 Metaspace       used 10302K, committed 10560K, reserved 1064960K
  class space    used 1237K, committed 1344K, reserved 1048576K
}
Event: 6.191 GC heap before
{Heap before GC invocations=3 (full 0):
 garbage-first heap   total 260096K, used 67843K [0x0000000702a00000, 0x0000000800000000)
  region size 2048K, 31 young (63488K), 2 survivors (4096K)
 Metaspace       used 21275K, committed 21504K, reserved 1073152K
  class space    used 2589K, committed 2688K, reserved 1048576K
}

Deoptimization events (20 events):
Event: 5.810 Thread 0x00000279fae86790 DEOPT PACKING pc=0x0000027987eae966 sp=0x000000dd364feaf0
Event: 5.810 Thread 0x00000279fae86790 DEOPT UNPACKING pc=0x00000279877f2b43 sp=0x000000dd364fdfb8 mode 0
Event: 5.810 Thread 0x00000279fae86790 DEOPT PACKING pc=0x0000027987eb2065 sp=0x000000dd364feac0
Event: 5.810 Thread 0x00000279fae86790 DEOPT UNPACKING pc=0x00000279877f2b43 sp=0x000000dd364fdfb0 mode 0
Event: 5.811 Thread 0x00000279fae86790 DEOPT PACKING pc=0x0000027987eae966 sp=0x000000dd364feaf0
Event: 5.811 Thread 0x00000279fae86790 DEOPT UNPACKING pc=0x00000279877f2b43 sp=0x000000dd364fdfb8 mode 0
Event: 5.811 Thread 0x00000279fae86790 DEOPT PACKING pc=0x0000027987eb2065 sp=0x000000dd364feac0
Event: 5.811 Thread 0x00000279fae86790 DEOPT UNPACKING pc=0x00000279877f2b43 sp=0x000000dd364fdfb0 mode 0
Event: 5.812 Thread 0x00000279fae86790 DEOPT PACKING pc=0x0000027987eae966 sp=0x000000dd364feaf0
Event: 5.812 Thread 0x00000279fae86790 DEOPT UNPACKING pc=0x00000279877f2b43 sp=0x000000dd364fdfb8 mode 0
Event: 5.887 Thread 0x00000279fae86790 Uncommon trap: trap_request=0xffffff45 fr.pc=0x000002798f2d717c relative=0x00000000000002dc
Event: 5.887 Thread 0x00000279fae86790 Uncommon trap: reason=unstable_if action=reinterpret pc=0x000002798f2d717c method=jdk.internal.org.objectweb.asm.SymbolTable.put(Ljdk/internal/org/objectweb/asm/SymbolTable$Entry;)Ljdk/internal/org/objectweb/asm/SymbolTable$Entry; @ 13 c2
Event: 5.887 Thread 0x00000279fae86790 DEOPT PACKING pc=0x000002798f2d717c sp=0x000000dd364fd190
Event: 5.887 Thread 0x00000279fae86790 DEOPT UNPACKING pc=0x00000279877f23a3 sp=0x000000dd364fd110 mode 2
Event: 5.905 Thread 0x00000279fae86790 Uncommon trap: trap_request=0xffffff45 fr.pc=0x000002798f38e870 relative=0x0000000000001210
Event: 5.905 Thread 0x00000279fae86790 Uncommon trap: reason=unstable_if action=reinterpret pc=0x000002798f38e870 method=java.util.zip.ZipFile$Source.getEntryPos(Ljava/lang/String;Z)I @ 104 c2
Event: 5.905 Thread 0x00000279fae86790 DEOPT PACKING pc=0x000002798f38e870 sp=0x000000dd364fd870
Event: 5.905 Thread 0x00000279fae86790 DEOPT UNPACKING pc=0x00000279877f23a3 sp=0x000000dd364fd790 mode 2
Event: 6.151 Thread 0x00000279fae86790 DEOPT PACKING pc=0x0000027987dc1daa sp=0x000000dd364fe210
Event: 6.151 Thread 0x00000279fae86790 DEOPT UNPACKING pc=0x00000279877f2b43 sp=0x000000dd364fd758 mode 0

Classes unloaded (0 events):
No events

Classes redefined (0 events):
No events

Internal exceptions (20 events):
Event: 1.690 Thread 0x00000279fae86790 Exception <a 'java/lang/IncompatibleClassChangeError'{0x0000000711ac66a8}: Found class java.lang.Object, but interface was expected> (0x0000000711ac66a8) 
thrown [t:\workspace\open\src\hotspot\share\interpreter\linkResolver.cpp, line 833]
Event: 1.701 Thread 0x00000279fae86790 Exception <a 'java/lang/NoSuchMethodError'{0x0000000711b35cd0}: 'java.lang.Object java.lang.invoke.DirectMethodHandle$Holder.invokeVirtual(java.lang.Object, java.lang.Object, java.lang.Object, java.lang.Object)'> (0x0000000711b35cd0) 
thrown [t:\workspace\open\src\hotspot\share\interpreter\linkResolver.cpp, line 766]
Event: 1.712 Thread 0x00000279fae86790 Exception <a 'java/lang/NoSuchMethodError'{0x0000000711b95728}: 'void java.lang.invoke.DirectMethodHandle$Holder.invokeVirtual(java.lang.Object, java.lang.Object, java.lang.Object, java.lang.Object)'> (0x0000000711b95728) 
thrown [t:\workspace\open\src\hotspot\share\interpreter\linkResolver.cpp, line 766]
Event: 1.839 Thread 0x00000279fae86790 Exception <a 'java/lang/NoSuchMethodError'{0x00000007117fd548}: 'int java.lang.invoke.DirectMethodHandle$Holder.invokeVirtual(java.lang.Object, java.lang.Object, java.lang.Object)'> (0x00000007117fd548) 
thrown [t:\workspace\open\src\hotspot\share\interpreter\linkResolver.cpp, line 766]
Event: 2.740 Thread 0x00000279fae86790 Exception <a 'java/lang/NoSuchMethodError'{0x0000000711208ad0}: 'void java.lang.invoke.DirectMethodHandle$Holder.invokeInterface(java.lang.Object, java.lang.Object, java.lang.Object)'> (0x0000000711208ad0) 
thrown [t:\workspace\open\src\hotspot\share\interpreter\linkResolver.cpp, line 766]
Event: 5.186 Thread 0x00000279fae86790 Exception <a 'java/lang/NoSuchMethodError'{0x00000007111c5160}: 'void java.lang.invoke.DirectMethodHandle$Holder.invokeStaticInit(java.lang.Object, java.lang.Object)'> (0x00000007111c5160) 
thrown [t:\workspace\open\src\hotspot\share\interpreter\linkResolver.cpp, line 766]
Event: 5.189 Thread 0x00000279fae86790 Exception <a 'java/lang/NoSuchMethodError'{0x00000007111d1f20}: 'void java.lang.invoke.DirectMethodHandle$Holder.invokeStaticInit(java.lang.Object, java.lang.Object, java.lang.Object)'> (0x00000007111d1f20) 
thrown [t:\workspace\open\src\hotspot\share\interpreter\linkResolver.cpp, line 766]
Event: 5.196 Thread 0x00000279fae86790 Exception <a 'java/lang/NoSuchMethodError'{0x0000000710a0e310}: 'java.lang.Object java.lang.invoke.DirectMethodHandle$Holder.invokeStatic(java.lang.Object, java.lang.Object, long, java.lang.Object)'> (0x0000000710a0e310) 
thrown [t:\workspace\open\src\hotspot\share\interpreter\linkResolver.cpp, line 766]
Event: 5.198 Thread 0x00000279fae86790 Exception <a 'java/lang/NoSuchMethodError'{0x0000000710a11da8}: 'java.lang.Object java.lang.invoke.DirectMethodHandle$Holder.invokeStaticInit(java.lang.Object, java.lang.Object, long, java.lang.Object)'> (0x0000000710a11da8) 
thrown [t:\workspace\open\src\hotspot\share\interpreter\linkResolver.cpp, line 766]
Event: 5.200 Thread 0x00000279fae86790 Exception <a 'java/lang/NoSuchMethodError'{0x0000000710a180d8}: 'java.lang.Object java.lang.invoke.DirectMethodHandle$Holder.newInvokeSpecial(java.lang.Object, java.lang.Object, long)'> (0x0000000710a180d8) 
thrown [t:\workspace\open\src\hotspot\share\interpreter\linkResolver.cpp, line 766]
Event: 5.201 Thread 0x00000279fae86790 Exception <a 'java/lang/NoSuchMethodError'{0x0000000710a1bc48}: 'java.lang.Object java.lang.invoke.Invokers$Holder.linkToTargetMethod(java.lang.Object, long, java.lang.Object)'> (0x0000000710a1bc48) 
thrown [t:\workspace\open\src\hotspot\share\interpreter\linkResolver.cpp, line 766]
Event: 5.273 Thread 0x00000279fae86790 Exception <a 'java/lang/NoSuchMethodError'{0x0000000710827fa0}: 'void java.lang.invoke.DirectMethodHandle$Holder.invokeSpecial(java.lang.Object, java.lang.Object, java.lang.Object)'> (0x0000000710827fa0) 
thrown [t:\workspace\open\src\hotspot\share\interpreter\linkResolver.cpp, line 766]
Event: 5.279 Thread 0x00000279fae86790 Exception <a 'java/lang/IncompatibleClassChangeError'{0x0000000710850e48}: Found class java.lang.Object, but interface was expected> (0x0000000710850e48) 
thrown [t:\workspace\open\src\hotspot\share\interpreter\linkResolver.cpp, line 833]
Event: 5.289 Thread 0x00000279a1aed820 Exception <a 'java/lang/NoClassDefFoundError'{0x00000007109178f8}: jakarta/validation/Validation> (0x00000007109178f8) 
thrown [t:\workspace\open\src\hotspot\share\classfile\systemDictionary.cpp, line 245]
Event: 5.509 Thread 0x00000279fae86790 Implicit null exception at 0x000002798f37ff34 to 0x000002798f37ffc2
Event: 5.573 Thread 0x00000279fae86790 Exception <a 'sun/nio/fs/WindowsException'{0x000000070fe60378}> (0x000000070fe60378) 
thrown [t:\workspace\open\src\hotspot\share\prims\jni.cpp, line 516]
Event: 5.574 Thread 0x00000279fae86790 Exception <a 'java/lang/NoSuchMethodError'{0x000000070fe61d90}: 'int java.lang.invoke.DirectMethodHandle$Holder.invokeSpecial(java.lang.Object, java.lang.Object, java.lang.Object, java.lang.Object, java.lang.Object)'> (0x000000070fe61d90) 
thrown [t:\workspace\open\src\hotspot\share\interpreter\linkResolver.cpp, line 766]
Event: 5.576 Thread 0x00000279fae86790 Exception <a 'java/lang/NoSuchMethodError'{0x000000070fe6abd0}: 'void java.lang.invoke.DirectMethodHandle$Holder.invokeVirtual(java.lang.Object, java.lang.Object)'> (0x000000070fe6abd0) 
thrown [t:\workspace\open\src\hotspot\share\interpreter\linkResolver.cpp, line 766]
Event: 5.694 Thread 0x00000279fae86790 Exception <a 'java/lang/NoSuchMethodError'{0x000000070fa14e38}: 'void java.lang.invoke.DirectMethodHandle$Holder.invokeInterface(java.lang.Object, java.lang.Object, java.lang.Object, java.lang.Object)'> (0x000000070fa14e38) 
thrown [t:\workspace\open\src\hotspot\share\interpreter\linkResolver.cpp, line 766]
Event: 5.801 Thread 0x00000279fae86790 Exception <a 'java/lang/IncompatibleClassChangeError'{0x000000070f797c60}: Found class java.lang.Object, but interface was expected> (0x000000070f797c60) 
thrown [t:\workspace\open\src\hotspot\share\interpreter\linkResolver.cpp, line 833]

VM Operations (20 events):
Event: 1.714 Executing VM operation: HandshakeAllThreads done
Event: 1.771 Executing VM operation: HandshakeAllThreads
Event: 1.771 Executing VM operation: HandshakeAllThreads done
Event: 2.708 Executing VM operation: HandshakeAllThreads
Event: 2.708 Executing VM operation: HandshakeAllThreads done
Event: 2.708 Executing VM operation: Cleanup
Event: 2.708 Executing VM operation: Cleanup done
Event: 3.715 Executing VM operation: Cleanup
Event: 3.715 Executing VM operation: Cleanup done
Event: 4.716 Executing VM operation: Cleanup
Event: 4.716 Executing VM operation: Cleanup done
Event: 5.511 Executing VM operation: HandshakeAllThreads
Event: 5.511 Executing VM operation: HandshakeAllThreads done
Event: 5.545 Executing VM operation: HandshakeAllThreads
Event: 5.545 Executing VM operation: HandshakeAllThreads done
Event: 5.561 Executing VM operation: HandshakeAllThreads
Event: 5.561 Executing VM operation: HandshakeAllThreads done
Event: 5.673 Executing VM operation: ICBufferFull
Event: 5.673 Executing VM operation: ICBufferFull done
Event: 6.191 Executing VM operation: CollectForMetadataAllocation

Events (20 events):
Event: 5.577 loading class java/util/Comparators$NaturalOrderComparator
Event: 5.577 loading class java/util/Comparators$NaturalOrderComparator done
Event: 5.578 loading class java/util/stream/SortedOps$RefSortingSink
Event: 5.578 loading class java/util/stream/SortedOps$AbstractRefSortingSink
Event: 5.578 loading class java/util/stream/SortedOps$AbstractRefSortingSink done
Event: 5.578 loading class java/util/stream/SortedOps$RefSortingSink done
Event: 5.579 loading class sun/nio/fs/WindowsPath$WindowsPathWithAttributes
Event: 5.579 loading class sun/nio/fs/BasicFileAttributesHolder
Event: 5.579 loading class sun/nio/fs/BasicFileAttributesHolder done
Event: 5.579 loading class sun/nio/fs/WindowsPath$WindowsPathWithAttributes done
Event: 5.580 loading class java/util/regex/Pattern$LazyLoop
Event: 5.580 loading class java/util/regex/Pattern$LazyLoop done
Event: 5.735 Thread 0x00000279a15401f0 Thread added: 0x00000279a15401f0
Event: 5.749 loading class javax/naming/ldap/LdapContext
Event: 5.749 loading class javax/naming/directory/DirContext
Event: 5.749 loading class javax/naming/directory/DirContext done
Event: 5.749 loading class javax/naming/ldap/LdapContext done
Event: 5.778 Thread 0x00000279a15401f0 Thread exited: 0x00000279a15401f0
Event: 6.042 loading class java/beans/PropertyVetoException
Event: 6.042 loading class java/beans/PropertyVetoException done


Dynamic libraries:
0x00007ff65c030000 - 0x00007ff65c040000 	C:\Program Files\Java\jdk-17.0.3.1\bin\java.exe
0x00007ff9891b0000 - 0x00007ff9893a8000 	C:\WINDOWS\SYSTEM32\ntdll.dll
0x00007ff987320000 - 0x00007ff9873dd000 	C:\WINDOWS\System32\KERNEL32.DLL
0x00007ff986ef0000 - 0x00007ff9871e6000 	C:\WINDOWS\System32\KERNELBASE.dll
0x00007ff986bc0000 - 0x00007ff986cc0000 	C:\WINDOWS\System32\ucrtbase.dll
0x00007ff96bb40000 - 0x00007ff96bb58000 	C:\Program Files\Java\jdk-17.0.3.1\bin\jli.dll
0x00007ff9873e0000 - 0x00007ff98748e000 	C:\WINDOWS\System32\ADVAPI32.dll
0x00007ff9874b0000 - 0x00007ff98754e000 	C:\WINDOWS\System32\msvcrt.dll
0x00007ff9890d0000 - 0x00007ff98916c000 	C:\WINDOWS\System32\sechost.dll
0x00007ff987820000 - 0x00007ff987946000 	C:\WINDOWS\System32\RPCRT4.dll
0x00007ff988ea0000 - 0x00007ff98903e000 	C:\WINDOWS\System32\USER32.dll
0x00007ff9868f0000 - 0x00007ff986912000 	C:\WINDOWS\System32\win32u.dll
0x00007ff987950000 - 0x00007ff98797c000 	C:\WINDOWS\System32\GDI32.dll
0x00007ff96baa0000 - 0x00007ff96baba000 	C:\Program Files\Java\jdk-17.0.3.1\bin\VCRUNTIME140.dll
0x00007ff986cc0000 - 0x00007ff986dda000 	C:\WINDOWS\System32\gdi32full.dll
0x00007ff986e50000 - 0x00007ff986eed000 	C:\WINDOWS\System32\msvcp_win.dll
0x00007ff97d2c0000 - 0x00007ff97d55a000 	C:\WINDOWS\WinSxS\amd64_microsoft.windows.common-controls_6595b64144ccf1df_6.0.19041.1110_none_60b5254171f9507e\COMCTL32.dll
0x00007ff9863b0000 - 0x00007ff9863ba000 	C:\WINDOWS\SYSTEM32\VERSION.dll
0x00007ff9877f0000 - 0x00007ff987820000 	C:\WINDOWS\System32\IMM32.DLL
0x0000000051690000 - 0x000000005169c000 	C:\Program Files (x86)\360\Total Security\safemon\SafeWrapper.dll
0x00007ff939040000 - 0x00007ff9390d2000 	C:\Program Files (x86)\360\Total Security\safemon\libzdtp64.dll
0x00007ff987f80000 - 0x00007ff9886c5000 	C:\WINDOWS\System32\SHELL32.dll
0x00007ff9886d0000 - 0x00007ff988725000 	C:\WINDOWS\System32\SHLWAPI.dll
0x00007ff96bb30000 - 0x00007ff96bb3c000 	C:\Program Files\Java\jdk-17.0.3.1\bin\vcruntime140_1.dll
0x00007ff92e2b0000 - 0x00007ff92e33d000 	C:\Program Files\Java\jdk-17.0.3.1\bin\msvcp140.dll
0x00007ff92d6f0000 - 0x00007ff92e2b0000 	C:\Program Files\Java\jdk-17.0.3.1\bin\server\jvm.dll
0x00007ff987aa0000 - 0x00007ff987aa8000 	C:\WINDOWS\System32\PSAPI.DLL
0x00007ff97d560000 - 0x00007ff97d569000 	C:\WINDOWS\SYSTEM32\WSOCK32.dll
0x00007ff96d3b0000 - 0x00007ff96d3d7000 	C:\WINDOWS\SYSTEM32\WINMM.dll
0x00007ff988730000 - 0x00007ff98879b000 	C:\WINDOWS\System32\WS2_32.dll
0x00007ff984730000 - 0x00007ff984742000 	C:\WINDOWS\SYSTEM32\kernel.appcore.dll
0x00007ff96ba90000 - 0x00007ff96ba9a000 	C:\Program Files\Java\jdk-17.0.3.1\bin\jimage.dll
0x00007ff9757c0000 - 0x00007ff9759a4000 	C:\WINDOWS\SYSTEM32\DBGHELP.DLL
0x00007ff974f50000 - 0x00007ff974f84000 	C:\WINDOWS\SYSTEM32\dbgcore.DLL
0x00007ff9869d0000 - 0x00007ff986a52000 	C:\WINDOWS\System32\bcryptPrimitives.dll
0x00007ff9607b0000 - 0x00007ff9607be000 	C:\Program Files\Java\jdk-17.0.3.1\bin\instrument.dll
0x00007ff9390e0000 - 0x00007ff939105000 	C:\Program Files\Java\jdk-17.0.3.1\bin\java.dll
0x00007ff92d610000 - 0x00007ff92d6e6000 	C:\Program Files\Java\jdk-17.0.3.1\bin\jsvml.dll
0x00007ff984930000 - 0x00007ff9850cb000 	C:\WINDOWS\SYSTEM32\windows.storage.dll
0x00007ff988950000 - 0x00007ff988ca4000 	C:\WINDOWS\System32\combase.dll
0x00007ff9861f0000 - 0x00007ff98621e000 	C:\WINDOWS\SYSTEM32\Wldp.dll
0x00007ff988cc0000 - 0x00007ff988d6d000 	C:\WINDOWS\System32\SHCORE.dll
0x00007ff986820000 - 0x00007ff986845000 	C:\WINDOWS\SYSTEM32\profapi.dll
0x00007ff92d590000 - 0x00007ff92d5a8000 	C:\Program Files\Java\jdk-17.0.3.1\bin\zip.dll
0x00007ff92d5f0000 - 0x00007ff92d609000 	C:\Program Files\Java\jdk-17.0.3.1\bin\net.dll
0x00007ff9819c0000 - 0x00007ff981aca000 	C:\WINDOWS\SYSTEM32\WINHTTP.dll
0x00007ff985f50000 - 0x00007ff985fba000 	C:\WINDOWS\system32\mswsock.dll
0x00007ff92d5b0000 - 0x00007ff92d5c6000 	C:\Program Files\Java\jdk-17.0.3.1\bin\nio.dll
0x00007ff931b90000 - 0x00007ff931baa000 	C:\Program Files\JetBrains\IntelliJ IDEA Community Edition 2023.2.1\bin\breakgen64.dll
0x00007ff985c40000 - 0x00007ff985c7b000 	C:\WINDOWS\SYSTEM32\IPHLPAPI.DLL
0x00007ff987700000 - 0x00007ff987708000 	C:\WINDOWS\System32\NSI.dll
0x00007ff97fba0000 - 0x00007ff97fbb7000 	C:\WINDOWS\SYSTEM32\dhcpcsvc6.DLL
0x00007ff97fb80000 - 0x00007ff97fb9d000 	C:\WINDOWS\SYSTEM32\dhcpcsvc.DLL
0x00007ff985c80000 - 0x00007ff985d4a000 	C:\WINDOWS\SYSTEM32\DNSAPI.dll
0x00007ff97e510000 - 0x00007ff97e51a000 	C:\Windows\System32\rasadhlp.dll
0x00007ff97e710000 - 0x00007ff97e792000 	C:\WINDOWS\System32\fwpuclnt.dll
0x00007ff9871f0000 - 0x00007ff987217000 	C:\WINDOWS\System32\bcrypt.dll
0x00007ff92d3f0000 - 0x00007ff92d400000 	C:\Program Files\Java\jdk-17.0.3.1\bin\verify.dll

dbghelp: loaded successfully - version: 4.0.5 - missing functions: none
symbol engine: initialized successfully - sym options: 0x614 - pdb path: .;C:\Program Files\Java\jdk-17.0.3.1\bin;C:\WINDOWS\SYSTEM32;C:\WINDOWS\WinSxS\amd64_microsoft.windows.common-controls_6595b64144ccf1df_6.0.19041.1110_none_60b5254171f9507e;C:\Program Files (x86)\360\Total Security\safemon;C:\Program Files\Java\jdk-17.0.3.1\bin\server;C:\Program Files\JetBrains\IntelliJ IDEA Community Edition 2023.2.1\bin

VM Arguments:
jvm_args: -javaagent:C:\Program Files\JetBrains\IntelliJ IDEA Community Edition 2023.2.1\lib\idea_rt.jar=61362:C:\Program Files\JetBrains\IntelliJ IDEA Community Edition 2023.2.1\bin -Dfile.encoding=UTF-8 
java_command: com.ppc.user.servcie.UserService.UserServiceApplication
java_class_path (initial): C:\Users\Sreenivas Bandaru\Documents\MICRO-SERVICES\UserService\target\classes;C:\Users\Sreenivas Bandaru\.m2\repository\org\springframework\boot\spring-boot-starter-data-jpa\3.0.11\spring-boot-starter-data-jpa-3.0.11.jar;C:\Users\Sreenivas Bandaru\.m2\repository\org\springframework\boot\spring-boot-starter-aop\3.0.11\spring-boot-starter-aop-3.0.11.jar;C:\Users\Sreenivas Bandaru\.m2\repository\org\springframework\spring-aop\6.0.12\spring-aop-6.0.12.jar;C:\Users\Sreenivas Bandaru\.m2\repository\org\aspectj\aspectjweaver\1.9.20\aspectjweaver-1.9.20.jar;C:\Users\Sreenivas Bandaru\.m2\repository\org\springframework\boot\spring-boot-starter-jdbc\3.0.11\spring-boot-starter-jdbc-3.0.11.jar;C:\Users\Sreenivas Bandaru\.m2\repository\com\zaxxer\HikariCP\5.0.1\HikariCP-5.0.1.jar;C:\Users\Sreenivas Bandaru\.m2\repository\org\springframework\spring-jdbc\6.0.12\spring-jdbc-6.0.12.jar;C:\Users\Sreenivas Bandaru\.m2\repository\org\hibernate\orm\hibernate-core\6.1.7.Final\hibernate-core-6.1.7.Final.jar;C:\Users\Sreenivas Bandaru\.m2\repository\jakarta\persistence\jakarta.persistence-api\3.1.0\jakarta.persistence-api-3.1.0.jar;C:\Users\Sreenivas Bandaru\.m2\repository\jakarta\transaction\jakarta.transaction-api\2.0.1\jakarta.transaction-api-2.0.1.jar;C:\Users\Sreenivas Bandaru\.m2\repository\org\jboss\logging\jboss-logging\3.5.3.Final\jboss-logging-3.5.3.Final.jar;C:\Users\Sreenivas Bandaru\.m2\repository\org\hibernate\common\hibernate-commons-annotations\6.0.6.Final\hibernate-commons-annotations-6.0.6.Final.jar;C:\Users\Sreenivas Bandaru\.m2\repository\org\jboss\jandex\2.4.2.Final\jandex-2.4.2.Final.jar;C:\Users\Sreenivas Bandaru\.m2\repository\com\fasterxml\classmate\1.5.1\classmate-1.5.1.jar;C:\Users\Sreenivas Bandaru\.m2\repository\net\bytebuddy\byte-buddy\1.12.23\byte-buddy-1.12.23.jar;C:\Users\Sreenivas Bandaru\.m2\repository\org\glassfish\jaxb\jaxb-runtime\4.0.3\jaxb-runtime-4.0.3.jar;C:\Users\Sreenivas Bandaru\.m2\repository\org\glassfish\jaxb\jax
Launcher Type: SUN_STANDARD

[Global flags]
     intx CICompilerCount                          = 3                                         {product} {ergonomic}
     uint ConcGCThreads                            = 1                                         {product} {ergonomic}
     uint G1ConcRefinementThreads                  = 4                                         {product} {ergonomic}
   size_t G1HeapRegionSize                         = 2097152                                   {product} {ergonomic}
    uintx GCDrainStackTargetSize                   = 64                                        {product} {ergonomic}
   size_t InitialHeapSize                          = 266338304                                 {product} {ergonomic}
   size_t MarkStackSize                            = 4194304                                   {product} {ergonomic}
   size_t MaxHeapSize                              = 4250927104                                {product} {ergonomic}
   size_t MaxNewSize                               = 2550136832                                {product} {ergonomic}
   size_t MinHeapDeltaBytes                        = 2097152                                   {product} {ergonomic}
   size_t MinHeapSize                              = 8388608                                   {product} {ergonomic}
    uintx NonNMethodCodeHeapSize                   = 5832780                                {pd product} {ergonomic}
    uintx NonProfiledCodeHeapSize                  = 122912730                              {pd product} {ergonomic}
    uintx ProfiledCodeHeapSize                     = 122912730                              {pd product} {ergonomic}
    uintx ReservedCodeCacheSize                    = 251658240                              {pd product} {ergonomic}
     bool SegmentedCodeCache                       = true                                      {product} {ergonomic}
   size_t SoftMaxHeapSize                          = 4250927104                             {manageable} {ergonomic}
     bool UseCompressedClassPointers               = true                           {product lp64_product} {ergonomic}
     bool UseCompressedOops                        = true                           {product lp64_product} {ergonomic}
     bool UseG1GC                                  = true                                      {product} {ergonomic}
     bool UseLargePagesIndividualAllocation        = false                                  {pd product} {ergonomic}

Logging:
Log output configuration:
 #0: stdout all=warning uptime,level,tags
 #1: stderr all=off uptime,level,tags

Environment Variables:
JAVA_HOME=C:\Program Files\Java\jdk-17.0.3.1\bin
PATH=C:\Program Files\Common Files\Oracle\Java\javapath;C:\WINDOWS\system32;C:\WINDOWS;C:\WINDOWS\System32\Wbem;C:\WINDOWS\System32\WindowsPowerShell\v1.0\;C:\WINDOWS\System32\OpenSSH\;C:\Program Files\Git\cmd;C:\Users\Sreenivas Bandaru\AppData\Local\Microsoft\WindowsApps;;C:\Users\Sreenivas Bandaru\AppData\Local\Programs\Microsoft VS Code\bin
USERNAME=Sreenivas Bandaru
OS=Windows_NT
PROCESSOR_IDENTIFIER=Intel64 Family 6 Model 58 Stepping 9, GenuineIntel



---------------  S Y S T E M  ---------------

OS:
 Windows 10 , 64 bit Build 19041 (10.0.19041.3393)
OS uptime: 2 days 23:32 hours

CPU: total 4 (initial active 4) (4 cores per cpu, 1 threads per core) family 6 model 58 stepping 9 microcode 0x21, cx8, cmov, fxsr, mmx, sse, sse2, sse3, ssse3, sse4.1, sse4.2, popcnt, tsc, tscinvbit, avx, aes, erms, clmul, vzeroupper, clflush

Memory: 4k page, system-wide physical 16208M (7319M free)
TotalPageFile size 19152M (AvailPageFile size 4873M)
current process WorkingSet (physical memory assigned to process): 173M, peak: 173M
current process commit charge ("private bytes"): 395M, peak: 400M

vm_info: Java HotSpot(TM) 64-Bit Server VM (17.0.3.1+2-LTS-6) for windows-amd64 JRE (17.0.3.1+2-LTS-6), built on Apr 25 2022 22:04:21 by "mach5one" with MS VC++ 16.8 / 16.9 (VS2019)

END.
